2020-12-18T16:46:00.2235530+03:00 [INF] (Microsoft.Hosting.Lifetime) Now listening on: "https://localhost:5001"
2020-12-18T16:46:00.4477292+03:00 [INF] (Microsoft.Hosting.Lifetime) Now listening on: "http://localhost:5000"
2020-12-18T16:46:00.4531194+03:00 [INF] (Microsoft.Hosting.Lifetime) Application started. Press Ctrl+C to shut down.
2020-12-18T16:46:00.4535046+03:00 [INF] (Microsoft.Hosting.Lifetime) Hosting environment: "Production"
2020-12-18T16:46:00.4538303+03:00 [INF] (Microsoft.Hosting.Lifetime) Content root path: "E:\ASP-NET\NewsForum"
2020-12-18T16:46:03.6165297+03:00 [INF] (Serilog.AspNetCore.RequestLoggingMiddleware) HTTP "GET" "/" responded 302 in 402.8212 ms
2020-12-18T16:46:07.2542516+03:00 [DBG] (Microsoft.EntityFrameworkCore.Database.Command) Creating DbCommand for '"ExecuteReader"'.
2020-12-18T16:46:07.7312856+03:00 [DBG] (Microsoft.EntityFrameworkCore.Database.Command) Created DbCommand for '"ExecuteReader"' (489ms).
2020-12-18T16:46:21.4583932+03:00 [DBG] (Microsoft.EntityFrameworkCore.Database.Command) Executing DbCommand [Parameters=[""], CommandType='Text', CommandTimeout='30']"
""SELECT [n].[Id], [n].[Author], [n].[CategoryId], [n].[Date], [n].[Desc], [n].[Img], [n].[ShortDesc], [n].[Title], [c].[Id], [c].[Desc], [c].[Title]
FROM [News] AS [n]
LEFT JOIN [Categories] AS [c] ON [n].[CategoryId] = [c].[Id]"
2020-12-18T16:46:21.9963260+03:00 [INF] (Microsoft.EntityFrameworkCore.Database.Command) Executed DbCommand ("539"ms) [Parameters=[""], CommandType='Text', CommandTimeout='30']"
""SELECT [n].[Id], [n].[Author], [n].[CategoryId], [n].[Date], [n].[Desc], [n].[Img], [n].[ShortDesc], [n].[Title], [c].[Id], [c].[Desc], [c].[Title]
FROM [News] AS [n]
LEFT JOIN [Categories] AS [c] ON [n].[CategoryId] = [c].[Id]"
2020-12-18T16:46:22.2467818+03:00 [DBG] (Microsoft.EntityFrameworkCore.Database.Command) A data reader was disposed.
2020-12-18T16:46:22.4169149+03:00 [INF] (Serilog.AspNetCore.RequestLoggingMiddleware) HTTP "GET" "/NewsList/GetList" responded 200 in 18744.7919 ms
2020-12-18T16:46:23.2318915+03:00 [INF] (Serilog.AspNetCore.RequestLoggingMiddleware) HTTP "POST" "/news/negotiate?negotiateVersion=1" responded 200 in 76.9869 ms
2020-12-18T16:47:39.2559560+03:00 [INF] (Serilog.AspNetCore.RequestLoggingMiddleware) HTTP "GET" "/news?id=zUScE5MTBxxOaJu6nGNyzg" responded 101 in 75950.0035 ms
2020-12-18T16:48:17.2417678+03:00 [INF] (Microsoft.Hosting.Lifetime) Now listening on: "https://localhost:5001"
2020-12-18T16:48:17.3296559+03:00 [INF] (Microsoft.Hosting.Lifetime) Now listening on: "http://localhost:5000"
2020-12-18T16:48:17.3353553+03:00 [INF] (Microsoft.Hosting.Lifetime) Application started. Press Ctrl+C to shut down.
2020-12-18T16:48:17.3358116+03:00 [INF] (Microsoft.Hosting.Lifetime) Hosting environment: "Production"
2020-12-18T16:48:17.3361567+03:00 [INF] (Microsoft.Hosting.Lifetime) Content root path: "E:\ASP-NET\NewsForum"
2020-12-18T16:48:18.1754641+03:00 [INF] (Serilog.AspNetCore.RequestLoggingMiddleware) HTTP "GET" "/" responded 302 in 170.2411 ms
2020-12-18T16:48:19.8750453+03:00 [DBG] (Microsoft.EntityFrameworkCore.Database.Command) Creating DbCommand for '"ExecuteReader"'.
2020-12-18T16:48:19.9276796+03:00 [DBG] (Microsoft.EntityFrameworkCore.Database.Command) Created DbCommand for '"ExecuteReader"' (54ms).
2020-12-18T16:48:20.6695736+03:00 [DBG] (Microsoft.EntityFrameworkCore.Database.Command) Executing DbCommand [Parameters=[""], CommandType='Text', CommandTimeout='30']"
""SELECT [n].[Id], [n].[Author], [n].[CategoryId], [n].[Date], [n].[Desc], [n].[Img], [n].[ShortDesc], [n].[Title], [c].[Id], [c].[Desc], [c].[Title]
FROM [News] AS [n]
LEFT JOIN [Categories] AS [c] ON [n].[CategoryId] = [c].[Id]"
2020-12-18T16:48:20.7733812+03:00 [INF] (Microsoft.EntityFrameworkCore.Database.Command) Executed DbCommand ("107"ms) [Parameters=[""], CommandType='Text', CommandTimeout='30']"
""SELECT [n].[Id], [n].[Author], [n].[CategoryId], [n].[Date], [n].[Desc], [n].[Img], [n].[ShortDesc], [n].[Title], [c].[Id], [c].[Desc], [c].[Title]
FROM [News] AS [n]
LEFT JOIN [Categories] AS [c] ON [n].[CategoryId] = [c].[Id]"
2020-12-18T16:48:20.9073357+03:00 [DBG] (Microsoft.EntityFrameworkCore.Database.Command) A data reader was disposed.
2020-12-18T16:48:20.9707402+03:00 [INF] (Serilog.AspNetCore.RequestLoggingMiddleware) HTTP "GET" "/NewsList/GetList" responded 200 in 2731.4312 ms
2020-12-18T16:48:21.2909177+03:00 [INF] (Serilog.AspNetCore.RequestLoggingMiddleware) HTTP "POST" "/news/negotiate?negotiateVersion=1" responded 200 in 16.9447 ms
2020-12-18T16:48:26.0258211+03:00 [INF] (Serilog.AspNetCore.RequestLoggingMiddleware) HTTP "GET" "/NewsLi" responded 404 in 0.2964 ms
2020-12-18T16:48:26.1401711+03:00 [INF] (Serilog.AspNetCore.RequestLoggingMiddleware) HTTP "GET" "/NewsLi" responded 404 in 80.6017 ms
2020-12-18T16:48:26.1743616+03:00 [INF] (Serilog.AspNetCore.RequestLoggingMiddleware) HTTP "GET" "/news?id=hS7q6DzkpI9Inje-0rCvbw" responded 101 in 4828.7823 ms
2020-12-18T18:20:07.6520263+03:00 [INF] (Microsoft.Hosting.Lifetime) Now listening on: "https://localhost:5001"
2020-12-18T18:20:07.7983430+03:00 [INF] (Microsoft.Hosting.Lifetime) Now listening on: "http://localhost:5000"
2020-12-18T18:20:07.8018701+03:00 [INF] (Microsoft.Hosting.Lifetime) Application started. Press Ctrl+C to shut down.
2020-12-18T18:20:07.8021741+03:00 [INF] (Microsoft.Hosting.Lifetime) Hosting environment: "Production"
2020-12-18T18:20:07.8024356+03:00 [INF] (Microsoft.Hosting.Lifetime) Content root path: "E:\ASP-NET\NewsForum"
2020-12-18T18:20:10.7538541+03:00 [INF] (Serilog.AspNetCore.RequestLoggingMiddleware) HTTP "GET" "/" responded 302 in 228.3403 ms
2020-12-18T18:20:12.6200415+03:00 [DBG] (Microsoft.EntityFrameworkCore.Database.Command) Creating DbCommand for '"ExecuteReader"'.
2020-12-18T18:20:12.8549578+03:00 [DBG] (Microsoft.EntityFrameworkCore.Database.Command) Created DbCommand for '"ExecuteReader"' (234ms).
2020-12-18T18:20:23.0300369+03:00 [DBG] (Microsoft.EntityFrameworkCore.Database.Command) Executing DbCommand [Parameters=[""], CommandType='Text', CommandTimeout='30']"
""SELECT [n].[Id], [n].[Author], [n].[CategoryId], [n].[Date], [n].[Desc], [n].[Img], [n].[ShortDesc], [n].[Title], [c].[Id], [c].[Desc], [c].[Title]
FROM [News] AS [n]
LEFT JOIN [Categories] AS [c] ON [n].[CategoryId] = [c].[Id]"
2020-12-18T18:20:23.6124109+03:00 [INF] (Microsoft.EntityFrameworkCore.Database.Command) Executed DbCommand ("629"ms) [Parameters=[""], CommandType='Text', CommandTimeout='30']"
""SELECT [n].[Id], [n].[Author], [n].[CategoryId], [n].[Date], [n].[Desc], [n].[Img], [n].[ShortDesc], [n].[Title], [c].[Id], [c].[Desc], [c].[Title]
FROM [News] AS [n]
LEFT JOIN [Categories] AS [c] ON [n].[CategoryId] = [c].[Id]"
2020-12-18T18:20:23.8454013+03:00 [DBG] (Microsoft.EntityFrameworkCore.Database.Command) A data reader was disposed.
2020-12-18T18:20:24.0487836+03:00 [INF] (Serilog.AspNetCore.RequestLoggingMiddleware) HTTP "GET" "/NewsList/GetList" responded 200 in 13280.7356 ms
2020-12-18T18:20:24.7964608+03:00 [INF] (Serilog.AspNetCore.RequestLoggingMiddleware) HTTP "POST" "/news/negotiate?negotiateVersion=1" responded 200 in 97.3304 ms
2020-12-18T18:20:43.8040221+03:00 [INF] (Serilog.AspNetCore.RequestLoggingMiddleware) HTTP "GET" "/Register/Register" responded 200 in 158.8331 ms
2020-12-18T18:20:43.8660041+03:00 [INF] (Serilog.AspNetCore.RequestLoggingMiddleware) HTTP "GET" "/news?id=-Q83f9D_NMtbysXrN4WBsQ" responded 101 in 18943.0488 ms
2020-12-18T18:21:15.4668758+03:00 [DBG] (Microsoft.EntityFrameworkCore.Database.Command) Creating DbCommand for '"ExecuteReader"'.
2020-12-18T18:21:15.4680293+03:00 [DBG] (Microsoft.EntityFrameworkCore.Database.Command) Created DbCommand for '"ExecuteReader"' (1ms).
2020-12-18T18:21:15.5288468+03:00 [DBG] (Microsoft.EntityFrameworkCore.Database.Command) Executing DbCommand [Parameters=["@__normalizedUserName_0='?' (Size = 256)"], CommandType='Text', CommandTimeout='30']"
""SELECT TOP(1) [a].[Id], [a].[AccessFailedCount], [a].[ConcurrencyStamp], [a].[Email], [a].[EmailConfirmed], [a].[LockoutEnabled], [a].[LockoutEnd], [a].[NormalizedEmail], [a].[NormalizedUserName], [a].[PasswordHash], [a].[PhoneNumber], [a].[PhoneNumberConfirmed], [a].[SecurityStamp], [a].[TimeZoneOffset], [a].[TwoFactorEnabled], [a].[UserName], [a].[Year]
FROM [AspNetUsers] AS [a]
WHERE [a].[NormalizedUserName] = @__normalizedUserName_0"
2020-12-18T18:21:16.5284065+03:00 [INF] (Microsoft.EntityFrameworkCore.Database.Command) Executed DbCommand ("1,039"ms) [Parameters=["@__normalizedUserName_0='?' (Size = 256)"], CommandType='Text', CommandTimeout='30']"
""SELECT TOP(1) [a].[Id], [a].[AccessFailedCount], [a].[ConcurrencyStamp], [a].[Email], [a].[EmailConfirmed], [a].[LockoutEnabled], [a].[LockoutEnd], [a].[NormalizedEmail], [a].[NormalizedUserName], [a].[PasswordHash], [a].[PhoneNumber], [a].[PhoneNumberConfirmed], [a].[SecurityStamp], [a].[TimeZoneOffset], [a].[TwoFactorEnabled], [a].[UserName], [a].[Year]
FROM [AspNetUsers] AS [a]
WHERE [a].[NormalizedUserName] = @__normalizedUserName_0"
2020-12-18T18:21:16.5511536+03:00 [DBG] (Microsoft.EntityFrameworkCore.Database.Command) A data reader was disposed.
2020-12-18T18:21:16.8384628+03:00 [DBG] (Microsoft.EntityFrameworkCore.Database.Command) Creating DbCommand for '"ExecuteReader"'.
2020-12-18T18:21:16.8392849+03:00 [DBG] (Microsoft.EntityFrameworkCore.Database.Command) Created DbCommand for '"ExecuteReader"' (0ms).
2020-12-18T18:21:16.8423825+03:00 [DBG] (Microsoft.EntityFrameworkCore.Database.Command) Executing DbCommand [Parameters=["@p0='?' (Size = 450), @p1='?' (DbType = Int32), @p2='?' (Size = 4000), @p3='?' (Size = 256), @p4='?' (DbType = Boolean), @p5='?' (DbType = Boolean), @p6='?' (DbType = DateTimeOffset), @p7='?' (Size = 256), @p8='?' (Size = 256), @p9='?' (Size = 4000), @p10='?' (Size = 4000), @p11='?' (DbType = Boolean), @p12='?' (Size = 4000), @p13='?' (DbType = Int32), @p14='?' (DbType = Boolean), @p15='?' (Size = 256), @p16='?' (DbType = Int32)"], CommandType='Text', CommandTimeout='30']"
""SET NOCOUNT ON;
INSERT INTO [AspNetUsers] ([Id], [AccessFailedCount], [ConcurrencyStamp], [Email], [EmailConfirmed], [LockoutEnabled], [LockoutEnd], [NormalizedEmail], [NormalizedUserName], [PasswordHash], [PhoneNumber], [PhoneNumberConfirmed], [SecurityStamp], [TimeZoneOffset], [TwoFactorEnabled], [UserName], [Year])
VALUES (@p0, @p1, @p2, @p3, @p4, @p5, @p6, @p7, @p8, @p9, @p10, @p11, @p12, @p13, @p14, @p15, @p16);"
2020-12-18T18:21:16.9798927+03:00 [INF] (Microsoft.EntityFrameworkCore.Database.Command) Executed DbCommand ("138"ms) [Parameters=["@p0='?' (Size = 450), @p1='?' (DbType = Int32), @p2='?' (Size = 4000), @p3='?' (Size = 256), @p4='?' (DbType = Boolean), @p5='?' (DbType = Boolean), @p6='?' (DbType = DateTimeOffset), @p7='?' (Size = 256), @p8='?' (Size = 256), @p9='?' (Size = 4000), @p10='?' (Size = 4000), @p11='?' (DbType = Boolean), @p12='?' (Size = 4000), @p13='?' (DbType = Int32), @p14='?' (DbType = Boolean), @p15='?' (Size = 256), @p16='?' (DbType = Int32)"], CommandType='Text', CommandTimeout='30']"
""SET NOCOUNT ON;
INSERT INTO [AspNetUsers] ([Id], [AccessFailedCount], [ConcurrencyStamp], [Email], [EmailConfirmed], [LockoutEnabled], [LockoutEnd], [NormalizedEmail], [NormalizedUserName], [PasswordHash], [PhoneNumber], [PhoneNumberConfirmed], [SecurityStamp], [TimeZoneOffset], [TwoFactorEnabled], [UserName], [Year])
VALUES (@p0, @p1, @p2, @p3, @p4, @p5, @p6, @p7, @p8, @p9, @p10, @p11, @p12, @p13, @p14, @p15, @p16);"
2020-12-18T18:21:16.9975011+03:00 [DBG] (Microsoft.EntityFrameworkCore.Database.Command) A data reader was disposed.
2020-12-18T18:29:44.5605803+03:00 [INF] (Microsoft.Hosting.Lifetime) Now listening on: "https://localhost:5001"
2020-12-18T18:29:44.6254648+03:00 [INF] (Microsoft.Hosting.Lifetime) Now listening on: "http://localhost:5000"
2020-12-18T18:29:44.6280827+03:00 [INF] (Microsoft.Hosting.Lifetime) Application started. Press Ctrl+C to shut down.
2020-12-18T18:29:44.6283346+03:00 [INF] (Microsoft.Hosting.Lifetime) Hosting environment: "Production"
2020-12-18T18:29:44.6285757+03:00 [INF] (Microsoft.Hosting.Lifetime) Content root path: "E:\ASP-NET\NewsForum"
2020-12-18T18:29:45.4575246+03:00 [INF] (Serilog.AspNetCore.RequestLoggingMiddleware) HTTP "GET" "/" responded 302 in 91.0755 ms
2020-12-18T18:29:46.5613000+03:00 [DBG] (Microsoft.EntityFrameworkCore.Database.Command) Creating DbCommand for '"ExecuteReader"'.
2020-12-18T18:29:46.5966784+03:00 [DBG] (Microsoft.EntityFrameworkCore.Database.Command) Created DbCommand for '"ExecuteReader"' (35ms).
2020-12-18T18:29:47.2414033+03:00 [DBG] (Microsoft.EntityFrameworkCore.Database.Command) Executing DbCommand [Parameters=[""], CommandType='Text', CommandTimeout='30']"
""SELECT [n].[Id], [n].[Author], [n].[CategoryId], [n].[Date], [n].[Desc], [n].[Img], [n].[ShortDesc], [n].[Title], [c].[Id], [c].[Desc], [c].[Title]
FROM [News] AS [n]
LEFT JOIN [Categories] AS [c] ON [n].[CategoryId] = [c].[Id]"
2020-12-18T18:29:47.3840911+03:00 [INF] (Microsoft.EntityFrameworkCore.Database.Command) Executed DbCommand ("140"ms) [Parameters=[""], CommandType='Text', CommandTimeout='30']"
""SELECT [n].[Id], [n].[Author], [n].[CategoryId], [n].[Date], [n].[Desc], [n].[Img], [n].[ShortDesc], [n].[Title], [c].[Id], [c].[Desc], [c].[Title]
FROM [News] AS [n]
LEFT JOIN [Categories] AS [c] ON [n].[CategoryId] = [c].[Id]"
2020-12-18T18:29:47.4877669+03:00 [DBG] (Microsoft.EntityFrameworkCore.Database.Command) A data reader was disposed.
2020-12-18T18:29:47.5268659+03:00 [INF] (Serilog.AspNetCore.RequestLoggingMiddleware) HTTP "GET" "/NewsList/GetList" responded 200 in 2044.5105 ms
2020-12-18T18:29:47.6943908+03:00 [INF] (Serilog.AspNetCore.RequestLoggingMiddleware) HTTP "POST" "/news/negotiate?negotiateVersion=1" responded 200 in 13.2927 ms
2020-12-18T18:30:33.7837355+03:00 [DBG] (Microsoft.EntityFrameworkCore.Database.Command) Creating DbCommand for '"ExecuteReader"'.
2020-12-18T18:30:33.7849188+03:00 [DBG] (Microsoft.EntityFrameworkCore.Database.Command) Created DbCommand for '"ExecuteReader"' (1ms).
2020-12-18T18:30:33.7997915+03:00 [DBG] (Microsoft.EntityFrameworkCore.Database.Command) Executing DbCommand [Parameters=["@__p_0='?' (Size = 450)"], CommandType='Text', CommandTimeout='30']"
""SELECT TOP(1) [a].[Id], [a].[AccessFailedCount], [a].[ConcurrencyStamp], [a].[Email], [a].[EmailConfirmed], [a].[LockoutEnabled], [a].[LockoutEnd], [a].[NormalizedEmail], [a].[NormalizedUserName], [a].[PasswordHash], [a].[PhoneNumber], [a].[PhoneNumberConfirmed], [a].[SecurityStamp], [a].[TimeZoneOffset], [a].[TwoFactorEnabled], [a].[UserName], [a].[Year]
FROM [AspNetUsers] AS [a]
WHERE [a].[Id] = @__p_0"
2020-12-18T18:30:33.8815672+03:00 [INF] (Microsoft.EntityFrameworkCore.Database.Command) Executed DbCommand ("86"ms) [Parameters=["@__p_0='?' (Size = 450)"], CommandType='Text', CommandTimeout='30']"
""SELECT TOP(1) [a].[Id], [a].[AccessFailedCount], [a].[ConcurrencyStamp], [a].[Email], [a].[EmailConfirmed], [a].[LockoutEnabled], [a].[LockoutEnd], [a].[NormalizedEmail], [a].[NormalizedUserName], [a].[PasswordHash], [a].[PhoneNumber], [a].[PhoneNumberConfirmed], [a].[SecurityStamp], [a].[TimeZoneOffset], [a].[TwoFactorEnabled], [a].[UserName], [a].[Year]
FROM [AspNetUsers] AS [a]
WHERE [a].[Id] = @__p_0"
2020-12-18T18:30:33.9249004+03:00 [DBG] (Microsoft.EntityFrameworkCore.Database.Command) A data reader was disposed.
2020-12-18T18:30:33.9604265+03:00 [DBG] (Microsoft.EntityFrameworkCore.Database.Command) Creating DbCommand for '"ExecuteReader"'.
2020-12-18T18:30:33.9612055+03:00 [DBG] (Microsoft.EntityFrameworkCore.Database.Command) Created DbCommand for '"ExecuteReader"' (0ms).
2020-12-18T18:30:33.9620898+03:00 [DBG] (Microsoft.EntityFrameworkCore.Database.Command) Executing DbCommand [Parameters=["@__normalizedUserName_0='?' (Size = 256)"], CommandType='Text', CommandTimeout='30']"
""SELECT TOP(1) [a].[Id], [a].[AccessFailedCount], [a].[ConcurrencyStamp], [a].[Email], [a].[EmailConfirmed], [a].[LockoutEnabled], [a].[LockoutEnd], [a].[NormalizedEmail], [a].[NormalizedUserName], [a].[PasswordHash], [a].[PhoneNumber], [a].[PhoneNumberConfirmed], [a].[SecurityStamp], [a].[TimeZoneOffset], [a].[TwoFactorEnabled], [a].[UserName], [a].[Year]
FROM [AspNetUsers] AS [a]
WHERE [a].[NormalizedUserName] = @__normalizedUserName_0"
2020-12-18T18:30:33.9657066+03:00 [INF] (Microsoft.EntityFrameworkCore.Database.Command) Executed DbCommand ("4"ms) [Parameters=["@__normalizedUserName_0='?' (Size = 256)"], CommandType='Text', CommandTimeout='30']"
""SELECT TOP(1) [a].[Id], [a].[AccessFailedCount], [a].[ConcurrencyStamp], [a].[Email], [a].[EmailConfirmed], [a].[LockoutEnabled], [a].[LockoutEnd], [a].[NormalizedEmail], [a].[NormalizedUserName], [a].[PasswordHash], [a].[PhoneNumber], [a].[PhoneNumberConfirmed], [a].[SecurityStamp], [a].[TimeZoneOffset], [a].[TwoFactorEnabled], [a].[UserName], [a].[Year]
FROM [AspNetUsers] AS [a]
WHERE [a].[NormalizedUserName] = @__normalizedUserName_0"
2020-12-18T18:30:33.9679650+03:00 [DBG] (Microsoft.EntityFrameworkCore.Database.Command) A data reader was disposed.
2020-12-18T18:30:34.0846776+03:00 [DBG] (Microsoft.EntityFrameworkCore.Database.Command) Creating DbCommand for '"ExecuteReader"'.
2020-12-18T18:30:34.0854237+03:00 [DBG] (Microsoft.EntityFrameworkCore.Database.Command) Created DbCommand for '"ExecuteReader"' (0ms).
2020-12-18T18:30:34.0882845+03:00 [DBG] (Microsoft.EntityFrameworkCore.Database.Command) Executing DbCommand [Parameters=["@p16='?' (Size = 450), @p0='?' (DbType = Int32), @p1='?' (Size = 4000), @p17='?' (Size = 4000), @p2='?' (Size = 256), @p3='?' (DbType = Boolean), @p4='?' (DbType = Boolean), @p5='?' (DbType = DateTimeOffset), @p6='?' (Size = 256), @p7='?' (Size = 256), @p8='?' (Size = 4000), @p9='?' (Size = 4000), @p10='?' (DbType = Boolean), @p11='?' (Size = 4000), @p12='?' (DbType = Int32), @p13='?' (DbType = Boolean), @p14='?' (Size = 256), @p15='?' (DbType = Int32)"], CommandType='Text', CommandTimeout='30']"
""SET NOCOUNT ON;
UPDATE [AspNetUsers] SET [AccessFailedCount] = @p0, [ConcurrencyStamp] = @p1, [Email] = @p2, [EmailConfirmed] = @p3, [LockoutEnabled] = @p4, [LockoutEnd] = @p5, [NormalizedEmail] = @p6, [NormalizedUserName] = @p7, [PasswordHash] = @p8, [PhoneNumber] = @p9, [PhoneNumberConfirmed] = @p10, [SecurityStamp] = @p11, [TimeZoneOffset] = @p12, [TwoFactorEnabled] = @p13, [UserName] = @p14, [Year] = @p15
WHERE [Id] = @p16 AND [ConcurrencyStamp] = @p17;
SELECT @@ROWCOUNT;"
2020-12-18T18:30:34.2024191+03:00 [INF] (Microsoft.EntityFrameworkCore.Database.Command) Executed DbCommand ("115"ms) [Parameters=["@p16='?' (Size = 450), @p0='?' (DbType = Int32), @p1='?' (Size = 4000), @p17='?' (Size = 4000), @p2='?' (Size = 256), @p3='?' (DbType = Boolean), @p4='?' (DbType = Boolean), @p5='?' (DbType = DateTimeOffset), @p6='?' (Size = 256), @p7='?' (Size = 256), @p8='?' (Size = 4000), @p9='?' (Size = 4000), @p10='?' (DbType = Boolean), @p11='?' (Size = 4000), @p12='?' (DbType = Int32), @p13='?' (DbType = Boolean), @p14='?' (Size = 256), @p15='?' (DbType = Int32)"], CommandType='Text', CommandTimeout='30']"
""SET NOCOUNT ON;
UPDATE [AspNetUsers] SET [AccessFailedCount] = @p0, [ConcurrencyStamp] = @p1, [Email] = @p2, [EmailConfirmed] = @p3, [LockoutEnabled] = @p4, [LockoutEnd] = @p5, [NormalizedEmail] = @p6, [NormalizedUserName] = @p7, [PasswordHash] = @p8, [PhoneNumber] = @p9, [PhoneNumberConfirmed] = @p10, [SecurityStamp] = @p11, [TimeZoneOffset] = @p12, [TwoFactorEnabled] = @p13, [UserName] = @p14, [Year] = @p15
WHERE [Id] = @p16 AND [ConcurrencyStamp] = @p17;
SELECT @@ROWCOUNT;"
2020-12-18T18:30:34.2233733+03:00 [DBG] (Microsoft.EntityFrameworkCore.Database.Command) A data reader was disposed.
2020-12-18T18:30:34.2563176+03:00 [INF] (Serilog.AspNetCore.RequestLoggingMiddleware) HTTP "GET" "/Register/ConfirmEmail?userId=27bb4b55-a370-41c2-be1a-174e9fefe671&code=CfDJ8ENxpe6Y9kFIr1EwQgh3Y4xxpO%2Bjg9WLb%2Bg%2F1dUWUpeMGKTcti3MOvJg1Ah2Wo4vHuL4EoMUy8po9UBBmumkU%2FCU0ERYsYZW9GSTE1YoI1j47dBMu6AIA4d3day3pUmljD%2FHd%2BXcrA9aO2oB2UBbOGfufVOm7VOWNeZr3xVRn6cPHKkWG8UMUVBvYPoLicW9r0pHop09MR8heZ5Pg9uALbop%2Bv7k9j54wCPSEgkqsziiCrUwIXFDQ8MwSVg82mxkLQ%3D%3D" responded 302 in 572.6995 ms
2020-12-18T18:30:34.2674523+03:00 [INF] (Serilog.AspNetCore.RequestLoggingMiddleware) HTTP "GET" "/" responded 302 in 0.4132 ms
2020-12-18T18:30:34.3237139+03:00 [DBG] (Microsoft.EntityFrameworkCore.Database.Command) Creating DbCommand for '"ExecuteReader"'.
2020-12-18T18:30:34.3244652+03:00 [DBG] (Microsoft.EntityFrameworkCore.Database.Command) Created DbCommand for '"ExecuteReader"' (0ms).
2020-12-18T18:30:34.3253480+03:00 [DBG] (Microsoft.EntityFrameworkCore.Database.Command) Executing DbCommand [Parameters=[""], CommandType='Text', CommandTimeout='30']"
""SELECT [n].[Id], [n].[Author], [n].[CategoryId], [n].[Date], [n].[Desc], [n].[Img], [n].[ShortDesc], [n].[Title], [c].[Id], [c].[Desc], [c].[Title]
FROM [News] AS [n]
LEFT JOIN [Categories] AS [c] ON [n].[CategoryId] = [c].[Id]"
2020-12-18T18:30:34.3291925+03:00 [INF] (Microsoft.EntityFrameworkCore.Database.Command) Executed DbCommand ("4"ms) [Parameters=[""], CommandType='Text', CommandTimeout='30']"
""SELECT [n].[Id], [n].[Author], [n].[CategoryId], [n].[Date], [n].[Desc], [n].[Img], [n].[ShortDesc], [n].[Title], [c].[Id], [c].[Desc], [c].[Title]
FROM [News] AS [n]
LEFT JOIN [Categories] AS [c] ON [n].[CategoryId] = [c].[Id]"
2020-12-18T18:30:34.3369368+03:00 [DBG] (Microsoft.EntityFrameworkCore.Database.Command) A data reader was disposed.
2020-12-18T18:30:34.3397089+03:00 [INF] (Serilog.AspNetCore.RequestLoggingMiddleware) HTTP "GET" "/NewsList/GetList" responded 200 in 36.1286 ms
2020-12-18T18:30:34.5271255+03:00 [INF] (Serilog.AspNetCore.RequestLoggingMiddleware) HTTP "POST" "/news/negotiate?negotiateVersion=1" responded 200 in 0.5130 ms
2020-12-18T18:30:36.5899509+03:00 [INF] (Serilog.AspNetCore.RequestLoggingMiddleware) HTTP "GET" "/Register/Register" responded 200 in 70.4022 ms
2020-12-18T18:30:36.6135236+03:00 [INF] (Serilog.AspNetCore.RequestLoggingMiddleware) HTTP "GET" "/news?id=1kyqQy2rMltIxxYRLMvRDQ" responded 101 in 2031.8213 ms
2020-12-18T18:30:37.8315551+03:00 [INF] (Serilog.AspNetCore.RequestLoggingMiddleware) HTTP "GET" "/news?id=FTK_blwGFKEDlvxusjsrPQ" responded 101 in 50094.1114 ms
2020-12-18T18:31:06.0870338+03:00 [DBG] (Microsoft.EntityFrameworkCore.Database.Command) Creating DbCommand for '"ExecuteReader"'.
2020-12-18T18:31:06.0880306+03:00 [DBG] (Microsoft.EntityFrameworkCore.Database.Command) Created DbCommand for '"ExecuteReader"' (1ms).
2020-12-18T18:31:06.0889382+03:00 [DBG] (Microsoft.EntityFrameworkCore.Database.Command) Executing DbCommand [Parameters=["@__normalizedUserName_0='?' (Size = 256)"], CommandType='Text', CommandTimeout='30']"
""SELECT TOP(1) [a].[Id], [a].[AccessFailedCount], [a].[ConcurrencyStamp], [a].[Email], [a].[EmailConfirmed], [a].[LockoutEnabled], [a].[LockoutEnd], [a].[NormalizedEmail], [a].[NormalizedUserName], [a].[PasswordHash], [a].[PhoneNumber], [a].[PhoneNumberConfirmed], [a].[SecurityStamp], [a].[TimeZoneOffset], [a].[TwoFactorEnabled], [a].[UserName], [a].[Year]
FROM [AspNetUsers] AS [a]
WHERE [a].[NormalizedUserName] = @__normalizedUserName_0"
2020-12-18T18:31:06.0919164+03:00 [INF] (Microsoft.EntityFrameworkCore.Database.Command) Executed DbCommand ("3"ms) [Parameters=["@__normalizedUserName_0='?' (Size = 256)"], CommandType='Text', CommandTimeout='30']"
""SELECT TOP(1) [a].[Id], [a].[AccessFailedCount], [a].[ConcurrencyStamp], [a].[Email], [a].[EmailConfirmed], [a].[LockoutEnabled], [a].[LockoutEnd], [a].[NormalizedEmail], [a].[NormalizedUserName], [a].[PasswordHash], [a].[PhoneNumber], [a].[PhoneNumberConfirmed], [a].[SecurityStamp], [a].[TimeZoneOffset], [a].[TwoFactorEnabled], [a].[UserName], [a].[Year]
FROM [AspNetUsers] AS [a]
WHERE [a].[NormalizedUserName] = @__normalizedUserName_0"
2020-12-18T18:31:06.0932720+03:00 [DBG] (Microsoft.EntityFrameworkCore.Database.Command) A data reader was disposed.
2020-12-18T18:31:06.1154546+03:00 [DBG] (Microsoft.EntityFrameworkCore.Database.Command) Creating DbCommand for '"ExecuteReader"'.
2020-12-18T18:31:06.1164271+03:00 [DBG] (Microsoft.EntityFrameworkCore.Database.Command) Created DbCommand for '"ExecuteReader"' (0ms).
2020-12-18T18:31:06.1179051+03:00 [DBG] (Microsoft.EntityFrameworkCore.Database.Command) Executing DbCommand [Parameters=["@p0='?' (Size = 450), @p1='?' (DbType = Int32), @p2='?' (Size = 4000), @p3='?' (Size = 256), @p4='?' (DbType = Boolean), @p5='?' (DbType = Boolean), @p6='?' (DbType = DateTimeOffset), @p7='?' (Size = 256), @p8='?' (Size = 256), @p9='?' (Size = 4000), @p10='?' (Size = 4000), @p11='?' (DbType = Boolean), @p12='?' (Size = 4000), @p13='?' (DbType = Int32), @p14='?' (DbType = Boolean), @p15='?' (Size = 256), @p16='?' (DbType = Int32)"], CommandType='Text', CommandTimeout='30']"
""SET NOCOUNT ON;
INSERT INTO [AspNetUsers] ([Id], [AccessFailedCount], [ConcurrencyStamp], [Email], [EmailConfirmed], [LockoutEnabled], [LockoutEnd], [NormalizedEmail], [NormalizedUserName], [PasswordHash], [PhoneNumber], [PhoneNumberConfirmed], [SecurityStamp], [TimeZoneOffset], [TwoFactorEnabled], [UserName], [Year])
VALUES (@p0, @p1, @p2, @p3, @p4, @p5, @p6, @p7, @p8, @p9, @p10, @p11, @p12, @p13, @p14, @p15, @p16);"
2020-12-18T18:31:06.1659130+03:00 [INF] (Microsoft.EntityFrameworkCore.Database.Command) Executed DbCommand ("48"ms) [Parameters=["@p0='?' (Size = 450), @p1='?' (DbType = Int32), @p2='?' (Size = 4000), @p3='?' (Size = 256), @p4='?' (DbType = Boolean), @p5='?' (DbType = Boolean), @p6='?' (DbType = DateTimeOffset), @p7='?' (Size = 256), @p8='?' (Size = 256), @p9='?' (Size = 4000), @p10='?' (Size = 4000), @p11='?' (DbType = Boolean), @p12='?' (Size = 4000), @p13='?' (DbType = Int32), @p14='?' (DbType = Boolean), @p15='?' (Size = 256), @p16='?' (DbType = Int32)"], CommandType='Text', CommandTimeout='30']"
""SET NOCOUNT ON;
INSERT INTO [AspNetUsers] ([Id], [AccessFailedCount], [ConcurrencyStamp], [Email], [EmailConfirmed], [LockoutEnabled], [LockoutEnd], [NormalizedEmail], [NormalizedUserName], [PasswordHash], [PhoneNumber], [PhoneNumberConfirmed], [SecurityStamp], [TimeZoneOffset], [TwoFactorEnabled], [UserName], [Year])
VALUES (@p0, @p1, @p2, @p3, @p4, @p5, @p6, @p7, @p8, @p9, @p10, @p11, @p12, @p13, @p14, @p15, @p16);"
2020-12-18T18:31:06.1690391+03:00 [DBG] (Microsoft.EntityFrameworkCore.Database.Command) A data reader was disposed.
2020-12-18T18:31:07.7831874+03:00 [INF] (Serilog.AspNetCore.RequestLoggingMiddleware) HTTP "POST" "/Register/Register" responded 200 in 1748.6123 ms
2020-12-18T18:31:17.1713283+03:00 [DBG] (Microsoft.EntityFrameworkCore.Database.Command) Creating DbCommand for '"ExecuteReader"'.
2020-12-18T18:31:17.1726949+03:00 [DBG] (Microsoft.EntityFrameworkCore.Database.Command) Created DbCommand for '"ExecuteReader"' (1ms).
2020-12-18T18:31:17.1739480+03:00 [DBG] (Microsoft.EntityFrameworkCore.Database.Command) Executing DbCommand [Parameters=["@__p_0='?' (Size = 450)"], CommandType='Text', CommandTimeout='30']"
""SELECT TOP(1) [a].[Id], [a].[AccessFailedCount], [a].[ConcurrencyStamp], [a].[Email], [a].[EmailConfirmed], [a].[LockoutEnabled], [a].[LockoutEnd], [a].[NormalizedEmail], [a].[NormalizedUserName], [a].[PasswordHash], [a].[PhoneNumber], [a].[PhoneNumberConfirmed], [a].[SecurityStamp], [a].[TimeZoneOffset], [a].[TwoFactorEnabled], [a].[UserName], [a].[Year]
FROM [AspNetUsers] AS [a]
WHERE [a].[Id] = @__p_0"
2020-12-18T18:31:17.1793611+03:00 [INF] (Microsoft.EntityFrameworkCore.Database.Command) Executed DbCommand ("5"ms) [Parameters=["@__p_0='?' (Size = 450)"], CommandType='Text', CommandTimeout='30']"
""SELECT TOP(1) [a].[Id], [a].[AccessFailedCount], [a].[ConcurrencyStamp], [a].[Email], [a].[EmailConfirmed], [a].[LockoutEnabled], [a].[LockoutEnd], [a].[NormalizedEmail], [a].[NormalizedUserName], [a].[PasswordHash], [a].[PhoneNumber], [a].[PhoneNumberConfirmed], [a].[SecurityStamp], [a].[TimeZoneOffset], [a].[TwoFactorEnabled], [a].[UserName], [a].[Year]
FROM [AspNetUsers] AS [a]
WHERE [a].[Id] = @__p_0"
2020-12-18T18:31:17.1824750+03:00 [DBG] (Microsoft.EntityFrameworkCore.Database.Command) A data reader was disposed.
2020-12-18T18:31:17.1841375+03:00 [DBG] (Microsoft.EntityFrameworkCore.Database.Command) Creating DbCommand for '"ExecuteReader"'.
2020-12-18T18:31:17.1847440+03:00 [DBG] (Microsoft.EntityFrameworkCore.Database.Command) Created DbCommand for '"ExecuteReader"' (0ms).
2020-12-18T18:31:17.1856703+03:00 [DBG] (Microsoft.EntityFrameworkCore.Database.Command) Executing DbCommand [Parameters=["@__normalizedUserName_0='?' (Size = 256)"], CommandType='Text', CommandTimeout='30']"
""SELECT TOP(1) [a].[Id], [a].[AccessFailedCount], [a].[ConcurrencyStamp], [a].[Email], [a].[EmailConfirmed], [a].[LockoutEnabled], [a].[LockoutEnd], [a].[NormalizedEmail], [a].[NormalizedUserName], [a].[PasswordHash], [a].[PhoneNumber], [a].[PhoneNumberConfirmed], [a].[SecurityStamp], [a].[TimeZoneOffset], [a].[TwoFactorEnabled], [a].[UserName], [a].[Year]
FROM [AspNetUsers] AS [a]
WHERE [a].[NormalizedUserName] = @__normalizedUserName_0"
2020-12-18T18:31:17.1891639+03:00 [INF] (Microsoft.EntityFrameworkCore.Database.Command) Executed DbCommand ("3"ms) [Parameters=["@__normalizedUserName_0='?' (Size = 256)"], CommandType='Text', CommandTimeout='30']"
""SELECT TOP(1) [a].[Id], [a].[AccessFailedCount], [a].[ConcurrencyStamp], [a].[Email], [a].[EmailConfirmed], [a].[LockoutEnabled], [a].[LockoutEnd], [a].[NormalizedEmail], [a].[NormalizedUserName], [a].[PasswordHash], [a].[PhoneNumber], [a].[PhoneNumberConfirmed], [a].[SecurityStamp], [a].[TimeZoneOffset], [a].[TwoFactorEnabled], [a].[UserName], [a].[Year]
FROM [AspNetUsers] AS [a]
WHERE [a].[NormalizedUserName] = @__normalizedUserName_0"
2020-12-18T18:31:17.1963450+03:00 [DBG] (Microsoft.EntityFrameworkCore.Database.Command) A data reader was disposed.
2020-12-18T18:31:17.2005930+03:00 [DBG] (Microsoft.EntityFrameworkCore.Database.Command) Creating DbCommand for '"ExecuteReader"'.
2020-12-18T18:31:17.2011581+03:00 [DBG] (Microsoft.EntityFrameworkCore.Database.Command) Created DbCommand for '"ExecuteReader"' (0ms).
2020-12-18T18:31:17.2024808+03:00 [DBG] (Microsoft.EntityFrameworkCore.Database.Command) Executing DbCommand [Parameters=["@p16='?' (Size = 450), @p0='?' (DbType = Int32), @p1='?' (Size = 4000), @p17='?' (Size = 4000), @p2='?' (Size = 256), @p3='?' (DbType = Boolean), @p4='?' (DbType = Boolean), @p5='?' (DbType = DateTimeOffset), @p6='?' (Size = 256), @p7='?' (Size = 256), @p8='?' (Size = 4000), @p9='?' (Size = 4000), @p10='?' (DbType = Boolean), @p11='?' (Size = 4000), @p12='?' (DbType = Int32), @p13='?' (DbType = Boolean), @p14='?' (Size = 256), @p15='?' (DbType = Int32)"], CommandType='Text', CommandTimeout='30']"
""SET NOCOUNT ON;
UPDATE [AspNetUsers] SET [AccessFailedCount] = @p0, [ConcurrencyStamp] = @p1, [Email] = @p2, [EmailConfirmed] = @p3, [LockoutEnabled] = @p4, [LockoutEnd] = @p5, [NormalizedEmail] = @p6, [NormalizedUserName] = @p7, [PasswordHash] = @p8, [PhoneNumber] = @p9, [PhoneNumberConfirmed] = @p10, [SecurityStamp] = @p11, [TimeZoneOffset] = @p12, [TwoFactorEnabled] = @p13, [UserName] = @p14, [Year] = @p15
WHERE [Id] = @p16 AND [ConcurrencyStamp] = @p17;
SELECT @@ROWCOUNT;"
2020-12-18T18:31:17.2095566+03:00 [INF] (Microsoft.EntityFrameworkCore.Database.Command) Executed DbCommand ("7"ms) [Parameters=["@p16='?' (Size = 450), @p0='?' (DbType = Int32), @p1='?' (Size = 4000), @p17='?' (Size = 4000), @p2='?' (Size = 256), @p3='?' (DbType = Boolean), @p4='?' (DbType = Boolean), @p5='?' (DbType = DateTimeOffset), @p6='?' (Size = 256), @p7='?' (Size = 256), @p8='?' (Size = 4000), @p9='?' (Size = 4000), @p10='?' (DbType = Boolean), @p11='?' (Size = 4000), @p12='?' (DbType = Int32), @p13='?' (DbType = Boolean), @p14='?' (Size = 256), @p15='?' (DbType = Int32)"], CommandType='Text', CommandTimeout='30']"
""SET NOCOUNT ON;
UPDATE [AspNetUsers] SET [AccessFailedCount] = @p0, [ConcurrencyStamp] = @p1, [Email] = @p2, [EmailConfirmed] = @p3, [LockoutEnabled] = @p4, [LockoutEnd] = @p5, [NormalizedEmail] = @p6, [NormalizedUserName] = @p7, [PasswordHash] = @p8, [PhoneNumber] = @p9, [PhoneNumberConfirmed] = @p10, [SecurityStamp] = @p11, [TimeZoneOffset] = @p12, [TwoFactorEnabled] = @p13, [UserName] = @p14, [Year] = @p15
WHERE [Id] = @p16 AND [ConcurrencyStamp] = @p17;
SELECT @@ROWCOUNT;"
2020-12-18T18:31:17.2153332+03:00 [DBG] (Microsoft.EntityFrameworkCore.Database.Command) A data reader was disposed.
2020-12-18T18:31:17.2173886+03:00 [INF] (Serilog.AspNetCore.RequestLoggingMiddleware) HTTP "GET" "/Register/ConfirmEmail?userId=5cb79ca4-6fc9-4cfe-99a3-66c9686959a3&code=CfDJ8ENxpe6Y9kFIr1EwQgh3Y4z9X36fkoH4ZkBTH%2FR2UcO0%2BMEL40G2DXL8g2ZUm%2BD8tjzLmhUsOT2Ri6dm%2FErSwScTKVTk8ZcIUiUT0%2FSBLa623Kb%2B5jfxKRIbVN9ojj%2FBIlcBAPeXVjk2xenb%2BPz5uCsi%2FVdTnkD21%2BT2wstiC07R%2BXAJqtxpSmK2GU%2F2rCYfQ%2B1GH8jrxjHigOQAvq%2BEklYmIWByd5G3e7LNlAQB7JTWAES71cH1lrKUudMjmsNesA%3D%3D" responded 302 in 50.3707 ms
2020-12-18T18:31:17.2287048+03:00 [INF] (Serilog.AspNetCore.RequestLoggingMiddleware) HTTP "GET" "/" responded 302 in 0.9559 ms
2020-12-18T18:31:17.2565402+03:00 [DBG] (Microsoft.EntityFrameworkCore.Database.Command) Creating DbCommand for '"ExecuteReader"'.
2020-12-18T18:31:17.2573154+03:00 [DBG] (Microsoft.EntityFrameworkCore.Database.Command) Created DbCommand for '"ExecuteReader"' (0ms).
2020-12-18T18:31:17.2582051+03:00 [DBG] (Microsoft.EntityFrameworkCore.Database.Command) Executing DbCommand [Parameters=[""], CommandType='Text', CommandTimeout='30']"
""SELECT [n].[Id], [n].[Author], [n].[CategoryId], [n].[Date], [n].[Desc], [n].[Img], [n].[ShortDesc], [n].[Title], [c].[Id], [c].[Desc], [c].[Title]
FROM [News] AS [n]
LEFT JOIN [Categories] AS [c] ON [n].[CategoryId] = [c].[Id]"
2020-12-18T18:31:17.2598031+03:00 [INF] (Microsoft.EntityFrameworkCore.Database.Command) Executed DbCommand ("1"ms) [Parameters=[""], CommandType='Text', CommandTimeout='30']"
""SELECT [n].[Id], [n].[Author], [n].[CategoryId], [n].[Date], [n].[Desc], [n].[Img], [n].[ShortDesc], [n].[Title], [c].[Id], [c].[Desc], [c].[Title]
FROM [News] AS [n]
LEFT JOIN [Categories] AS [c] ON [n].[CategoryId] = [c].[Id]"
2020-12-18T18:31:17.2710085+03:00 [DBG] (Microsoft.EntityFrameworkCore.Database.Command) A data reader was disposed.
2020-12-18T18:31:17.2745178+03:00 [INF] (Serilog.AspNetCore.RequestLoggingMiddleware) HTTP "GET" "/NewsList/GetList" responded 200 in 22.0222 ms
2020-12-18T18:31:17.3681309+03:00 [INF] (Serilog.AspNetCore.RequestLoggingMiddleware) HTTP "POST" "/news/negotiate?negotiateVersion=1" responded 200 in 0.5972 ms
2020-12-18T18:31:20.7705913+03:00 [INF] (Serilog.AspNetCore.RequestLoggingMiddleware) HTTP "GET" "/Register/Register" responded 200 in 9.7184 ms
2020-12-18T18:31:20.7795915+03:00 [INF] (Serilog.AspNetCore.RequestLoggingMiddleware) HTTP "GET" "/news?id=-2gEqtzT52OhUk6fletiKw" responded 101 in 3357.1264 ms
2020-12-18T18:31:27.4216472+03:00 [INF] (Serilog.AspNetCore.RequestLoggingMiddleware) HTTP "GET" "/Register/Login" responded 200 in 22.2392 ms
2020-12-18T18:31:38.5290549+03:00 [DBG] (Microsoft.EntityFrameworkCore.Database.Command) Creating DbCommand for '"ExecuteReader"'.
2020-12-18T18:31:38.5298553+03:00 [DBG] (Microsoft.EntityFrameworkCore.Database.Command) Created DbCommand for '"ExecuteReader"' (0ms).
2020-12-18T18:31:38.5309740+03:00 [DBG] (Microsoft.EntityFrameworkCore.Database.Command) Executing DbCommand [Parameters=["@__normalizedUserName_0='?' (Size = 256)"], CommandType='Text', CommandTimeout='30']"
""SELECT TOP(1) [a].[Id], [a].[AccessFailedCount], [a].[ConcurrencyStamp], [a].[Email], [a].[EmailConfirmed], [a].[LockoutEnabled], [a].[LockoutEnd], [a].[NormalizedEmail], [a].[NormalizedUserName], [a].[PasswordHash], [a].[PhoneNumber], [a].[PhoneNumberConfirmed], [a].[SecurityStamp], [a].[TimeZoneOffset], [a].[TwoFactorEnabled], [a].[UserName], [a].[Year]
FROM [AspNetUsers] AS [a]
WHERE [a].[NormalizedUserName] = @__normalizedUserName_0"
2020-12-18T18:31:38.5351703+03:00 [INF] (Microsoft.EntityFrameworkCore.Database.Command) Executed DbCommand ("4"ms) [Parameters=["@__normalizedUserName_0='?' (Size = 256)"], CommandType='Text', CommandTimeout='30']"
""SELECT TOP(1) [a].[Id], [a].[AccessFailedCount], [a].[ConcurrencyStamp], [a].[Email], [a].[EmailConfirmed], [a].[LockoutEnabled], [a].[LockoutEnd], [a].[NormalizedEmail], [a].[NormalizedUserName], [a].[PasswordHash], [a].[PhoneNumber], [a].[PhoneNumberConfirmed], [a].[SecurityStamp], [a].[TimeZoneOffset], [a].[TwoFactorEnabled], [a].[UserName], [a].[Year]
FROM [AspNetUsers] AS [a]
WHERE [a].[NormalizedUserName] = @__normalizedUserName_0"
2020-12-18T18:31:38.5369011+03:00 [DBG] (Microsoft.EntityFrameworkCore.Database.Command) A data reader was disposed.
2020-12-18T18:31:38.6003412+03:00 [DBG] (Microsoft.EntityFrameworkCore.Database.Command) Creating DbCommand for '"ExecuteReader"'.
2020-12-18T18:31:38.6012256+03:00 [DBG] (Microsoft.EntityFrameworkCore.Database.Command) Created DbCommand for '"ExecuteReader"' (0ms).
2020-12-18T18:31:38.6024163+03:00 [DBG] (Microsoft.EntityFrameworkCore.Database.Command) Executing DbCommand [Parameters=["@__normalizedUserName_0='?' (Size = 256)"], CommandType='Text', CommandTimeout='30']"
""SELECT TOP(1) [a].[Id], [a].[AccessFailedCount], [a].[ConcurrencyStamp], [a].[Email], [a].[EmailConfirmed], [a].[LockoutEnabled], [a].[LockoutEnd], [a].[NormalizedEmail], [a].[NormalizedUserName], [a].[PasswordHash], [a].[PhoneNumber], [a].[PhoneNumberConfirmed], [a].[SecurityStamp], [a].[TimeZoneOffset], [a].[TwoFactorEnabled], [a].[UserName], [a].[Year]
FROM [AspNetUsers] AS [a]
WHERE [a].[NormalizedUserName] = @__normalizedUserName_0"
2020-12-18T18:31:38.6070942+03:00 [INF] (Microsoft.EntityFrameworkCore.Database.Command) Executed DbCommand ("5"ms) [Parameters=["@__normalizedUserName_0='?' (Size = 256)"], CommandType='Text', CommandTimeout='30']"
""SELECT TOP(1) [a].[Id], [a].[AccessFailedCount], [a].[ConcurrencyStamp], [a].[Email], [a].[EmailConfirmed], [a].[LockoutEnabled], [a].[LockoutEnd], [a].[NormalizedEmail], [a].[NormalizedUserName], [a].[PasswordHash], [a].[PhoneNumber], [a].[PhoneNumberConfirmed], [a].[SecurityStamp], [a].[TimeZoneOffset], [a].[TwoFactorEnabled], [a].[UserName], [a].[Year]
FROM [AspNetUsers] AS [a]
WHERE [a].[NormalizedUserName] = @__normalizedUserName_0"
2020-12-18T18:31:38.6091823+03:00 [DBG] (Microsoft.EntityFrameworkCore.Database.Command) A data reader was disposed.
2020-12-18T18:31:38.7594586+03:00 [DBG] (Microsoft.EntityFrameworkCore.Database.Command) Creating DbCommand for '"ExecuteReader"'.
2020-12-18T18:31:38.7601030+03:00 [DBG] (Microsoft.EntityFrameworkCore.Database.Command) Created DbCommand for '"ExecuteReader"' (0ms).
2020-12-18T18:31:38.7609027+03:00 [DBG] (Microsoft.EntityFrameworkCore.Database.Command) Executing DbCommand [Parameters=["@__user_Id_0='?' (Size = 450)"], CommandType='Text', CommandTimeout='30']"
""SELECT [a].[Id], [a].[ClaimType], [a].[ClaimValue], [a].[UserId]
FROM [AspNetUserClaims] AS [a]
WHERE [a].[UserId] = @__user_Id_0"
2020-12-18T18:31:38.7639830+03:00 [INF] (Microsoft.EntityFrameworkCore.Database.Command) Executed DbCommand ("3"ms) [Parameters=["@__user_Id_0='?' (Size = 450)"], CommandType='Text', CommandTimeout='30']"
""SELECT [a].[Id], [a].[ClaimType], [a].[ClaimValue], [a].[UserId]
FROM [AspNetUserClaims] AS [a]
WHERE [a].[UserId] = @__user_Id_0"
2020-12-18T18:31:38.7723579+03:00 [DBG] (Microsoft.EntityFrameworkCore.Database.Command) A data reader was disposed.
2020-12-18T18:31:38.8086828+03:00 [DBG] (Microsoft.EntityFrameworkCore.Database.Command) Creating DbCommand for '"ExecuteReader"'.
2020-12-18T18:31:38.8094664+03:00 [DBG] (Microsoft.EntityFrameworkCore.Database.Command) Created DbCommand for '"ExecuteReader"' (0ms).
2020-12-18T18:31:38.8102633+03:00 [DBG] (Microsoft.EntityFrameworkCore.Database.Command) Executing DbCommand [Parameters=["@__userId_0='?' (Size = 450)"], CommandType='Text', CommandTimeout='30']"
""SELECT [a0].[Name]
FROM [AspNetUserRoles] AS [a]
INNER JOIN [AspNetRoles] AS [a0] ON [a].[RoleId] = [a0].[Id]
WHERE [a].[UserId] = @__userId_0"
2020-12-18T18:31:38.8303696+03:00 [INF] (Microsoft.EntityFrameworkCore.Database.Command) Executed DbCommand ("20"ms) [Parameters=["@__userId_0='?' (Size = 450)"], CommandType='Text', CommandTimeout='30']"
""SELECT [a0].[Name]
FROM [AspNetUserRoles] AS [a]
INNER JOIN [AspNetRoles] AS [a0] ON [a].[RoleId] = [a0].[Id]
WHERE [a].[UserId] = @__userId_0"
2020-12-18T18:31:38.8315856+03:00 [DBG] (Microsoft.EntityFrameworkCore.Database.Command) A data reader was disposed.
2020-12-18T18:31:38.8791961+03:00 [INF] (Serilog.AspNetCore.RequestLoggingMiddleware) HTTP "POST" "/Register/Login" responded 302 in 390.0703 ms
2020-12-18T18:31:38.9072792+03:00 [INF] (Serilog.AspNetCore.RequestLoggingMiddleware) HTTP "GET" "/" responded 302 in 0.2517 ms
2020-12-18T18:31:38.9141171+03:00 [DBG] (Microsoft.EntityFrameworkCore.Database.Command) Creating DbCommand for '"ExecuteReader"'.
2020-12-18T18:31:38.9146035+03:00 [DBG] (Microsoft.EntityFrameworkCore.Database.Command) Created DbCommand for '"ExecuteReader"' (0ms).
2020-12-18T18:31:38.9155113+03:00 [DBG] (Microsoft.EntityFrameworkCore.Database.Command) Executing DbCommand [Parameters=["@__normalizedUserName_0='?' (Size = 256)"], CommandType='Text', CommandTimeout='30']"
""SELECT TOP(1) [a].[Id], [a].[AccessFailedCount], [a].[ConcurrencyStamp], [a].[Email], [a].[EmailConfirmed], [a].[LockoutEnabled], [a].[LockoutEnd], [a].[NormalizedEmail], [a].[NormalizedUserName], [a].[PasswordHash], [a].[PhoneNumber], [a].[PhoneNumberConfirmed], [a].[SecurityStamp], [a].[TimeZoneOffset], [a].[TwoFactorEnabled], [a].[UserName], [a].[Year]
FROM [AspNetUsers] AS [a]
WHERE [a].[NormalizedUserName] = @__normalizedUserName_0"
2020-12-18T18:31:38.9207413+03:00 [INF] (Microsoft.EntityFrameworkCore.Database.Command) Executed DbCommand ("5"ms) [Parameters=["@__normalizedUserName_0='?' (Size = 256)"], CommandType='Text', CommandTimeout='30']"
""SELECT TOP(1) [a].[Id], [a].[AccessFailedCount], [a].[ConcurrencyStamp], [a].[Email], [a].[EmailConfirmed], [a].[LockoutEnabled], [a].[LockoutEnd], [a].[NormalizedEmail], [a].[NormalizedUserName], [a].[PasswordHash], [a].[PhoneNumber], [a].[PhoneNumberConfirmed], [a].[SecurityStamp], [a].[TimeZoneOffset], [a].[TwoFactorEnabled], [a].[UserName], [a].[Year]
FROM [AspNetUsers] AS [a]
WHERE [a].[NormalizedUserName] = @__normalizedUserName_0"
2020-12-18T18:31:38.9229880+03:00 [DBG] (Microsoft.EntityFrameworkCore.Database.Command) A data reader was disposed.
2020-12-18T18:31:38.9242597+03:00 [DBG] (Microsoft.EntityFrameworkCore.Database.Command) Creating DbCommand for '"ExecuteReader"'.
2020-12-18T18:31:38.9245852+03:00 [DBG] (Microsoft.EntityFrameworkCore.Database.Command) Created DbCommand for '"ExecuteReader"' (0ms).
2020-12-18T18:31:38.9252600+03:00 [DBG] (Microsoft.EntityFrameworkCore.Database.Command) Executing DbCommand [Parameters=[""], CommandType='Text', CommandTimeout='30']"
""SELECT [n].[Id], [n].[Author], [n].[CategoryId], [n].[Date], [n].[Desc], [n].[Img], [n].[ShortDesc], [n].[Title], [c].[Id], [c].[Desc], [c].[Title]
FROM [News] AS [n]
LEFT JOIN [Categories] AS [c] ON [n].[CategoryId] = [c].[Id]"
2020-12-18T18:31:38.9276161+03:00 [INF] (Microsoft.EntityFrameworkCore.Database.Command) Executed DbCommand ("2"ms) [Parameters=[""], CommandType='Text', CommandTimeout='30']"
""SELECT [n].[Id], [n].[Author], [n].[CategoryId], [n].[Date], [n].[Desc], [n].[Img], [n].[ShortDesc], [n].[Title], [c].[Id], [c].[Desc], [c].[Title]
FROM [News] AS [n]
LEFT JOIN [Categories] AS [c] ON [n].[CategoryId] = [c].[Id]"
2020-12-18T18:31:38.9320499+03:00 [DBG] (Microsoft.EntityFrameworkCore.Database.Command) A data reader was disposed.
2020-12-18T18:31:38.9364886+03:00 [INF] (Serilog.AspNetCore.RequestLoggingMiddleware) HTTP "GET" "/NewsList/GetList" responded 200 in 22.8748 ms
2020-12-18T18:31:38.9754341+03:00 [INF] (Serilog.AspNetCore.RequestLoggingMiddleware) HTTP "POST" "/news/negotiate?negotiateVersion=1" responded 200 in 0.4138 ms
2020-12-18T18:31:41.2422365+03:00 [INF] (Serilog.AspNetCore.RequestLoggingMiddleware) HTTP "POST" "/Register/Logout" responded 302 in 11.8256 ms
2020-12-18T18:31:41.2494872+03:00 [DBG] (Microsoft.EntityFrameworkCore.Database.Command) Creating DbCommand for '"ExecuteReader"'.
2020-12-18T18:31:41.2500751+03:00 [DBG] (Microsoft.EntityFrameworkCore.Database.Command) Created DbCommand for '"ExecuteReader"' (0ms).
2020-12-18T18:31:41.2510377+03:00 [DBG] (Microsoft.EntityFrameworkCore.Database.Command) Executing DbCommand [Parameters=[""], CommandType='Text', CommandTimeout='30']"
""SELECT [n].[Id], [n].[Author], [n].[CategoryId], [n].[Date], [n].[Desc], [n].[Img], [n].[ShortDesc], [n].[Title], [c].[Id], [c].[Desc], [c].[Title]
FROM [News] AS [n]
LEFT JOIN [Categories] AS [c] ON [n].[CategoryId] = [c].[Id]"
2020-12-18T18:31:41.2560013+03:00 [INF] (Microsoft.EntityFrameworkCore.Database.Command) Executed DbCommand ("5"ms) [Parameters=[""], CommandType='Text', CommandTimeout='30']"
""SELECT [n].[Id], [n].[Author], [n].[CategoryId], [n].[Date], [n].[Desc], [n].[Img], [n].[ShortDesc], [n].[Title], [c].[Id], [c].[Desc], [c].[Title]
FROM [News] AS [n]
LEFT JOIN [Categories] AS [c] ON [n].[CategoryId] = [c].[Id]"
2020-12-18T18:31:41.2606532+03:00 [DBG] (Microsoft.EntityFrameworkCore.Database.Command) A data reader was disposed.
2020-12-18T18:31:41.2624943+03:00 [INF] (Serilog.AspNetCore.RequestLoggingMiddleware) HTTP "GET" "/NewsList/GetList" responded 200 in 15.1675 ms
2020-12-18T18:31:41.2699742+03:00 [INF] (Serilog.AspNetCore.RequestLoggingMiddleware) HTTP "GET" "/news?id=OWfNE1GS2knF0wt4rqVO7w" responded 101 in 2242.7648 ms
2020-12-18T18:31:41.3154681+03:00 [INF] (Serilog.AspNetCore.RequestLoggingMiddleware) HTTP "POST" "/news/negotiate?negotiateVersion=1" responded 200 in 0.5002 ms
2020-12-18T18:31:42.5324552+03:00 [INF] (Serilog.AspNetCore.RequestLoggingMiddleware) HTTP "GET" "/Register/Login" responded 200 in 6.9668 ms
2020-12-18T18:31:42.5407282+03:00 [INF] (Serilog.AspNetCore.RequestLoggingMiddleware) HTTP "GET" "/news?id=fkrSmtiHWyPmHgFgTYabYA" responded 101 in 1188.5614 ms
2020-12-18T18:32:11.8971497+03:00 [DBG] (Microsoft.EntityFrameworkCore.Database.Command) Creating DbCommand for '"ExecuteReader"'.
2020-12-18T18:32:11.8991007+03:00 [DBG] (Microsoft.EntityFrameworkCore.Database.Command) Created DbCommand for '"ExecuteReader"' (1ms).
2020-12-18T18:32:11.9006200+03:00 [DBG] (Microsoft.EntityFrameworkCore.Database.Command) Executing DbCommand [Parameters=["@__normalizedUserName_0='?' (Size = 256)"], CommandType='Text', CommandTimeout='30']"
""SELECT TOP(1) [a].[Id], [a].[AccessFailedCount], [a].[ConcurrencyStamp], [a].[Email], [a].[EmailConfirmed], [a].[LockoutEnabled], [a].[LockoutEnd], [a].[NormalizedEmail], [a].[NormalizedUserName], [a].[PasswordHash], [a].[PhoneNumber], [a].[PhoneNumberConfirmed], [a].[SecurityStamp], [a].[TimeZoneOffset], [a].[TwoFactorEnabled], [a].[UserName], [a].[Year]
FROM [AspNetUsers] AS [a]
WHERE [a].[NormalizedUserName] = @__normalizedUserName_0"
2020-12-18T18:32:11.9049623+03:00 [INF] (Microsoft.EntityFrameworkCore.Database.Command) Executed DbCommand ("4"ms) [Parameters=["@__normalizedUserName_0='?' (Size = 256)"], CommandType='Text', CommandTimeout='30']"
""SELECT TOP(1) [a].[Id], [a].[AccessFailedCount], [a].[ConcurrencyStamp], [a].[Email], [a].[EmailConfirmed], [a].[LockoutEnabled], [a].[LockoutEnd], [a].[NormalizedEmail], [a].[NormalizedUserName], [a].[PasswordHash], [a].[PhoneNumber], [a].[PhoneNumberConfirmed], [a].[SecurityStamp], [a].[TimeZoneOffset], [a].[TwoFactorEnabled], [a].[UserName], [a].[Year]
FROM [AspNetUsers] AS [a]
WHERE [a].[NormalizedUserName] = @__normalizedUserName_0"
2020-12-18T18:32:11.9066409+03:00 [DBG] (Microsoft.EntityFrameworkCore.Database.Command) A data reader was disposed.
2020-12-18T18:32:11.9071966+03:00 [DBG] (Microsoft.EntityFrameworkCore.Database.Command) Creating DbCommand for '"ExecuteReader"'.
2020-12-18T18:32:11.9074158+03:00 [DBG] (Microsoft.EntityFrameworkCore.Database.Command) Created DbCommand for '"ExecuteReader"' (0ms).
2020-12-18T18:32:11.9079222+03:00 [DBG] (Microsoft.EntityFrameworkCore.Database.Command) Executing DbCommand [Parameters=["@__normalizedUserName_0='?' (Size = 256)"], CommandType='Text', CommandTimeout='30']"
""SELECT TOP(1) [a].[Id], [a].[AccessFailedCount], [a].[ConcurrencyStamp], [a].[Email], [a].[EmailConfirmed], [a].[LockoutEnabled], [a].[LockoutEnd], [a].[NormalizedEmail], [a].[NormalizedUserName], [a].[PasswordHash], [a].[PhoneNumber], [a].[PhoneNumberConfirmed], [a].[SecurityStamp], [a].[TimeZoneOffset], [a].[TwoFactorEnabled], [a].[UserName], [a].[Year]
FROM [AspNetUsers] AS [a]
WHERE [a].[NormalizedUserName] = @__normalizedUserName_0"
2020-12-18T18:32:11.9096818+03:00 [INF] (Microsoft.EntityFrameworkCore.Database.Command) Executed DbCommand ("2"ms) [Parameters=["@__normalizedUserName_0='?' (Size = 256)"], CommandType='Text', CommandTimeout='30']"
""SELECT TOP(1) [a].[Id], [a].[AccessFailedCount], [a].[ConcurrencyStamp], [a].[Email], [a].[EmailConfirmed], [a].[LockoutEnabled], [a].[LockoutEnd], [a].[NormalizedEmail], [a].[NormalizedUserName], [a].[PasswordHash], [a].[PhoneNumber], [a].[PhoneNumberConfirmed], [a].[SecurityStamp], [a].[TimeZoneOffset], [a].[TwoFactorEnabled], [a].[UserName], [a].[Year]
FROM [AspNetUsers] AS [a]
WHERE [a].[NormalizedUserName] = @__normalizedUserName_0"
2020-12-18T18:32:11.9108271+03:00 [DBG] (Microsoft.EntityFrameworkCore.Database.Command) A data reader was disposed.
2020-12-18T18:32:11.9509323+03:00 [INF] (Serilog.AspNetCore.RequestLoggingMiddleware) HTTP "POST" "/Register/Login" responded 200 in 56.8107 ms
2020-12-18T18:32:25.8458356+03:00 [DBG] (Microsoft.EntityFrameworkCore.Database.Command) Creating DbCommand for '"ExecuteReader"'.
2020-12-18T18:32:25.8466839+03:00 [DBG] (Microsoft.EntityFrameworkCore.Database.Command) Created DbCommand for '"ExecuteReader"' (0ms).
2020-12-18T18:32:25.8477074+03:00 [DBG] (Microsoft.EntityFrameworkCore.Database.Command) Executing DbCommand [Parameters=["@__normalizedUserName_0='?' (Size = 256)"], CommandType='Text', CommandTimeout='30']"
""SELECT TOP(1) [a].[Id], [a].[AccessFailedCount], [a].[ConcurrencyStamp], [a].[Email], [a].[EmailConfirmed], [a].[LockoutEnabled], [a].[LockoutEnd], [a].[NormalizedEmail], [a].[NormalizedUserName], [a].[PasswordHash], [a].[PhoneNumber], [a].[PhoneNumberConfirmed], [a].[SecurityStamp], [a].[TimeZoneOffset], [a].[TwoFactorEnabled], [a].[UserName], [a].[Year]
FROM [AspNetUsers] AS [a]
WHERE [a].[NormalizedUserName] = @__normalizedUserName_0"
2020-12-18T18:32:25.8551519+03:00 [INF] (Microsoft.EntityFrameworkCore.Database.Command) Executed DbCommand ("7"ms) [Parameters=["@__normalizedUserName_0='?' (Size = 256)"], CommandType='Text', CommandTimeout='30']"
""SELECT TOP(1) [a].[Id], [a].[AccessFailedCount], [a].[ConcurrencyStamp], [a].[Email], [a].[EmailConfirmed], [a].[LockoutEnabled], [a].[LockoutEnd], [a].[NormalizedEmail], [a].[NormalizedUserName], [a].[PasswordHash], [a].[PhoneNumber], [a].[PhoneNumberConfirmed], [a].[SecurityStamp], [a].[TimeZoneOffset], [a].[TwoFactorEnabled], [a].[UserName], [a].[Year]
FROM [AspNetUsers] AS [a]
WHERE [a].[NormalizedUserName] = @__normalizedUserName_0"
2020-12-18T18:32:25.8602382+03:00 [DBG] (Microsoft.EntityFrameworkCore.Database.Command) A data reader was disposed.
2020-12-18T18:32:25.8634777+03:00 [DBG] (Microsoft.EntityFrameworkCore.Database.Command) Creating DbCommand for '"ExecuteReader"'.
2020-12-18T18:32:25.8638477+03:00 [DBG] (Microsoft.EntityFrameworkCore.Database.Command) Created DbCommand for '"ExecuteReader"' (0ms).
2020-12-18T18:32:25.8645283+03:00 [DBG] (Microsoft.EntityFrameworkCore.Database.Command) Executing DbCommand [Parameters=["@__normalizedUserName_0='?' (Size = 256)"], CommandType='Text', CommandTimeout='30']"
""SELECT TOP(1) [a].[Id], [a].[AccessFailedCount], [a].[ConcurrencyStamp], [a].[Email], [a].[EmailConfirmed], [a].[LockoutEnabled], [a].[LockoutEnd], [a].[NormalizedEmail], [a].[NormalizedUserName], [a].[PasswordHash], [a].[PhoneNumber], [a].[PhoneNumberConfirmed], [a].[SecurityStamp], [a].[TimeZoneOffset], [a].[TwoFactorEnabled], [a].[UserName], [a].[Year]
FROM [AspNetUsers] AS [a]
WHERE [a].[NormalizedUserName] = @__normalizedUserName_0"
2020-12-18T18:32:25.8668181+03:00 [INF] (Microsoft.EntityFrameworkCore.Database.Command) Executed DbCommand ("2"ms) [Parameters=["@__normalizedUserName_0='?' (Size = 256)"], CommandType='Text', CommandTimeout='30']"
""SELECT TOP(1) [a].[Id], [a].[AccessFailedCount], [a].[ConcurrencyStamp], [a].[Email], [a].[EmailConfirmed], [a].[LockoutEnabled], [a].[LockoutEnd], [a].[NormalizedEmail], [a].[NormalizedUserName], [a].[PasswordHash], [a].[PhoneNumber], [a].[PhoneNumberConfirmed], [a].[SecurityStamp], [a].[TimeZoneOffset], [a].[TwoFactorEnabled], [a].[UserName], [a].[Year]
FROM [AspNetUsers] AS [a]
WHERE [a].[NormalizedUserName] = @__normalizedUserName_0"
2020-12-18T18:32:25.8682743+03:00 [DBG] (Microsoft.EntityFrameworkCore.Database.Command) A data reader was disposed.
2020-12-18T18:32:25.8773742+03:00 [DBG] (Microsoft.EntityFrameworkCore.Database.Command) Creating DbCommand for '"ExecuteReader"'.
2020-12-18T18:32:25.8777984+03:00 [DBG] (Microsoft.EntityFrameworkCore.Database.Command) Created DbCommand for '"ExecuteReader"' (0ms).
2020-12-18T18:32:25.8786760+03:00 [DBG] (Microsoft.EntityFrameworkCore.Database.Command) Executing DbCommand [Parameters=["@__user_Id_0='?' (Size = 450)"], CommandType='Text', CommandTimeout='30']"
""SELECT [a].[Id], [a].[ClaimType], [a].[ClaimValue], [a].[UserId]
FROM [AspNetUserClaims] AS [a]
WHERE [a].[UserId] = @__user_Id_0"
2020-12-18T18:32:25.8815595+03:00 [INF] (Microsoft.EntityFrameworkCore.Database.Command) Executed DbCommand ("3"ms) [Parameters=["@__user_Id_0='?' (Size = 450)"], CommandType='Text', CommandTimeout='30']"
""SELECT [a].[Id], [a].[ClaimType], [a].[ClaimValue], [a].[UserId]
FROM [AspNetUserClaims] AS [a]
WHERE [a].[UserId] = @__user_Id_0"
2020-12-18T18:32:25.8826395+03:00 [DBG] (Microsoft.EntityFrameworkCore.Database.Command) A data reader was disposed.
2020-12-18T18:32:25.8843231+03:00 [DBG] (Microsoft.EntityFrameworkCore.Database.Command) Creating DbCommand for '"ExecuteReader"'.
2020-12-18T18:32:25.8846708+03:00 [DBG] (Microsoft.EntityFrameworkCore.Database.Command) Created DbCommand for '"ExecuteReader"' (0ms).
2020-12-18T18:32:25.8853986+03:00 [DBG] (Microsoft.EntityFrameworkCore.Database.Command) Executing DbCommand [Parameters=["@__userId_0='?' (Size = 450)"], CommandType='Text', CommandTimeout='30']"
""SELECT [a0].[Name]
FROM [AspNetUserRoles] AS [a]
INNER JOIN [AspNetRoles] AS [a0] ON [a].[RoleId] = [a0].[Id]
WHERE [a].[UserId] = @__userId_0"
2020-12-18T18:32:25.8873400+03:00 [INF] (Microsoft.EntityFrameworkCore.Database.Command) Executed DbCommand ("2"ms) [Parameters=["@__userId_0='?' (Size = 450)"], CommandType='Text', CommandTimeout='30']"
""SELECT [a0].[Name]
FROM [AspNetUserRoles] AS [a]
INNER JOIN [AspNetRoles] AS [a0] ON [a].[RoleId] = [a0].[Id]
WHERE [a].[UserId] = @__userId_0"
2020-12-18T18:32:25.8884146+03:00 [DBG] (Microsoft.EntityFrameworkCore.Database.Command) A data reader was disposed.
2020-12-18T18:32:25.8898346+03:00 [INF] (Serilog.AspNetCore.RequestLoggingMiddleware) HTTP "POST" "/Register/Login" responded 302 in 48.3053 ms
2020-12-18T18:32:25.8977789+03:00 [INF] (Serilog.AspNetCore.RequestLoggingMiddleware) HTTP "GET" "/" responded 302 in 0.1128 ms
2020-12-18T18:32:25.9026105+03:00 [DBG] (Microsoft.EntityFrameworkCore.Database.Command) Creating DbCommand for '"ExecuteReader"'.
2020-12-18T18:32:25.9030310+03:00 [DBG] (Microsoft.EntityFrameworkCore.Database.Command) Created DbCommand for '"ExecuteReader"' (0ms).
2020-12-18T18:32:25.9037346+03:00 [DBG] (Microsoft.EntityFrameworkCore.Database.Command) Executing DbCommand [Parameters=["@__normalizedUserName_0='?' (Size = 256)"], CommandType='Text', CommandTimeout='30']"
""SELECT TOP(1) [a].[Id], [a].[AccessFailedCount], [a].[ConcurrencyStamp], [a].[Email], [a].[EmailConfirmed], [a].[LockoutEnabled], [a].[LockoutEnd], [a].[NormalizedEmail], [a].[NormalizedUserName], [a].[PasswordHash], [a].[PhoneNumber], [a].[PhoneNumberConfirmed], [a].[SecurityStamp], [a].[TimeZoneOffset], [a].[TwoFactorEnabled], [a].[UserName], [a].[Year]
FROM [AspNetUsers] AS [a]
WHERE [a].[NormalizedUserName] = @__normalizedUserName_0"
2020-12-18T18:32:25.9083859+03:00 [INF] (Microsoft.EntityFrameworkCore.Database.Command) Executed DbCommand ("5"ms) [Parameters=["@__normalizedUserName_0='?' (Size = 256)"], CommandType='Text', CommandTimeout='30']"
""SELECT TOP(1) [a].[Id], [a].[AccessFailedCount], [a].[ConcurrencyStamp], [a].[Email], [a].[EmailConfirmed], [a].[LockoutEnabled], [a].[LockoutEnd], [a].[NormalizedEmail], [a].[NormalizedUserName], [a].[PasswordHash], [a].[PhoneNumber], [a].[PhoneNumberConfirmed], [a].[SecurityStamp], [a].[TimeZoneOffset], [a].[TwoFactorEnabled], [a].[UserName], [a].[Year]
FROM [AspNetUsers] AS [a]
WHERE [a].[NormalizedUserName] = @__normalizedUserName_0"
2020-12-18T18:32:25.9110862+03:00 [DBG] (Microsoft.EntityFrameworkCore.Database.Command) A data reader was disposed.
2020-12-18T18:32:25.9122689+03:00 [DBG] (Microsoft.EntityFrameworkCore.Database.Command) Creating DbCommand for '"ExecuteReader"'.
2020-12-18T18:32:25.9126105+03:00 [DBG] (Microsoft.EntityFrameworkCore.Database.Command) Created DbCommand for '"ExecuteReader"' (0ms).
2020-12-18T18:32:25.9132373+03:00 [DBG] (Microsoft.EntityFrameworkCore.Database.Command) Executing DbCommand [Parameters=[""], CommandType='Text', CommandTimeout='30']"
""SELECT [n].[Id], [n].[Author], [n].[CategoryId], [n].[Date], [n].[Desc], [n].[Img], [n].[ShortDesc], [n].[Title], [c].[Id], [c].[Desc], [c].[Title]
FROM [News] AS [n]
LEFT JOIN [Categories] AS [c] ON [n].[CategoryId] = [c].[Id]"
2020-12-18T18:32:25.9145429+03:00 [INF] (Microsoft.EntityFrameworkCore.Database.Command) Executed DbCommand ("1"ms) [Parameters=[""], CommandType='Text', CommandTimeout='30']"
""SELECT [n].[Id], [n].[Author], [n].[CategoryId], [n].[Date], [n].[Desc], [n].[Img], [n].[ShortDesc], [n].[Title], [c].[Id], [c].[Desc], [c].[Title]
FROM [News] AS [n]
LEFT JOIN [Categories] AS [c] ON [n].[CategoryId] = [c].[Id]"
2020-12-18T18:32:25.9191746+03:00 [DBG] (Microsoft.EntityFrameworkCore.Database.Command) A data reader was disposed.
2020-12-18T18:32:25.9224988+03:00 [INF] (Serilog.AspNetCore.RequestLoggingMiddleware) HTTP "GET" "/NewsList/GetList" responded 200 in 20.3132 ms
2020-12-18T18:32:25.9938490+03:00 [INF] (Serilog.AspNetCore.RequestLoggingMiddleware) HTTP "POST" "/news/negotiate?negotiateVersion=1" responded 200 in 1.3769 ms
2020-12-18T18:32:30.2502203+03:00 [INF] (Serilog.AspNetCore.RequestLoggingMiddleware) HTTP "GET" "/news?id=gw2r8sK4ittCEwoKTbioVw" responded 101 in 4239.9239 ms
2020-12-18T18:34:39.7989393+03:00 [INF] (Microsoft.Hosting.Lifetime) Now listening on: "https://localhost:5001"
2020-12-18T18:34:39.8592716+03:00 [INF] (Microsoft.Hosting.Lifetime) Now listening on: "http://localhost:5000"
2020-12-18T18:34:39.8617976+03:00 [INF] (Microsoft.Hosting.Lifetime) Application started. Press Ctrl+C to shut down.
2020-12-18T18:34:39.8620567+03:00 [INF] (Microsoft.Hosting.Lifetime) Hosting environment: "Production"
2020-12-18T18:34:39.8622982+03:00 [INF] (Microsoft.Hosting.Lifetime) Content root path: "E:\ASP-NET\NewsForum"
2020-12-18T18:34:40.7186565+03:00 [INF] (Serilog.AspNetCore.RequestLoggingMiddleware) HTTP "GET" "/" responded 302 in 88.2613 ms
2020-12-18T18:34:41.5806402+03:00 [DBG] (Microsoft.EntityFrameworkCore.Database.Command) Creating DbCommand for '"ExecuteReader"'.
2020-12-18T18:34:41.6162169+03:00 [DBG] (Microsoft.EntityFrameworkCore.Database.Command) Created DbCommand for '"ExecuteReader"' (35ms).
2020-12-18T18:34:42.2200277+03:00 [DBG] (Microsoft.EntityFrameworkCore.Database.Command) Executing DbCommand [Parameters=["@__normalizedUserName_0='?' (Size = 256)"], CommandType='Text', CommandTimeout='30']"
""SELECT TOP(1) [a].[Id], [a].[AccessFailedCount], [a].[ConcurrencyStamp], [a].[Email], [a].[EmailConfirmed], [a].[LockoutEnabled], [a].[LockoutEnd], [a].[NormalizedEmail], [a].[NormalizedUserName], [a].[PasswordHash], [a].[PhoneNumber], [a].[PhoneNumberConfirmed], [a].[SecurityStamp], [a].[TimeZoneOffset], [a].[TwoFactorEnabled], [a].[UserName], [a].[Year]
FROM [AspNetUsers] AS [a]
WHERE [a].[NormalizedUserName] = @__normalizedUserName_0"
2020-12-18T18:34:42.3817075+03:00 [INF] (Microsoft.EntityFrameworkCore.Database.Command) Executed DbCommand ("170"ms) [Parameters=["@__normalizedUserName_0='?' (Size = 256)"], CommandType='Text', CommandTimeout='30']"
""SELECT TOP(1) [a].[Id], [a].[AccessFailedCount], [a].[ConcurrencyStamp], [a].[Email], [a].[EmailConfirmed], [a].[LockoutEnabled], [a].[LockoutEnd], [a].[NormalizedEmail], [a].[NormalizedUserName], [a].[PasswordHash], [a].[PhoneNumber], [a].[PhoneNumberConfirmed], [a].[SecurityStamp], [a].[TimeZoneOffset], [a].[TwoFactorEnabled], [a].[UserName], [a].[Year]
FROM [AspNetUsers] AS [a]
WHERE [a].[NormalizedUserName] = @__normalizedUserName_0"
2020-12-18T18:34:42.4646832+03:00 [DBG] (Microsoft.EntityFrameworkCore.Database.Command) A data reader was disposed.
2020-12-18T18:34:42.6138946+03:00 [DBG] (Microsoft.EntityFrameworkCore.Database.Command) Creating DbCommand for '"ExecuteReader"'.
2020-12-18T18:34:42.6146359+03:00 [DBG] (Microsoft.EntityFrameworkCore.Database.Command) Created DbCommand for '"ExecuteReader"' (0ms).
2020-12-18T18:34:42.6174218+03:00 [DBG] (Microsoft.EntityFrameworkCore.Database.Command) Executing DbCommand [Parameters=[""], CommandType='Text', CommandTimeout='30']"
""SELECT [n].[Id], [n].[Author], [n].[CategoryId], [n].[Date], [n].[Desc], [n].[Img], [n].[ShortDesc], [n].[Title], [c].[Id], [c].[Desc], [c].[Title]
FROM [News] AS [n]
LEFT JOIN [Categories] AS [c] ON [n].[CategoryId] = [c].[Id]"
2020-12-18T18:34:42.6630968+03:00 [INF] (Microsoft.EntityFrameworkCore.Database.Command) Executed DbCommand ("46"ms) [Parameters=[""], CommandType='Text', CommandTimeout='30']"
""SELECT [n].[Id], [n].[Author], [n].[CategoryId], [n].[Date], [n].[Desc], [n].[Img], [n].[ShortDesc], [n].[Title], [c].[Id], [c].[Desc], [c].[Title]
FROM [News] AS [n]
LEFT JOIN [Categories] AS [c] ON [n].[CategoryId] = [c].[Id]"
2020-12-18T18:34:42.7154264+03:00 [DBG] (Microsoft.EntityFrameworkCore.Database.Command) A data reader was disposed.
2020-12-18T18:34:42.7537164+03:00 [INF] (Serilog.AspNetCore.RequestLoggingMiddleware) HTTP "GET" "/NewsList/GetList" responded 200 in 2006.1147 ms
2020-12-18T18:34:42.9038497+03:00 [INF] (Serilog.AspNetCore.RequestLoggingMiddleware) HTTP "POST" "/news/negotiate?negotiateVersion=1" responded 200 in 10.8787 ms
2020-12-18T18:34:55.2808583+03:00 [INF] (Serilog.AspNetCore.RequestLoggingMiddleware) HTTP "POST" "/Register/Logout" responded 302 in 18.2198 ms
2020-12-18T18:34:55.3191230+03:00 [DBG] (Microsoft.EntityFrameworkCore.Database.Command) Creating DbCommand for '"ExecuteReader"'.
2020-12-18T18:34:55.3200510+03:00 [DBG] (Microsoft.EntityFrameworkCore.Database.Command) Created DbCommand for '"ExecuteReader"' (0ms).
2020-12-18T18:34:55.3212141+03:00 [DBG] (Microsoft.EntityFrameworkCore.Database.Command) Executing DbCommand [Parameters=[""], CommandType='Text', CommandTimeout='30']"
""SELECT [n].[Id], [n].[Author], [n].[CategoryId], [n].[Date], [n].[Desc], [n].[Img], [n].[ShortDesc], [n].[Title], [c].[Id], [c].[Desc], [c].[Title]
FROM [News] AS [n]
LEFT JOIN [Categories] AS [c] ON [n].[CategoryId] = [c].[Id]"
2020-12-18T18:34:55.3241297+03:00 [INF] (Microsoft.EntityFrameworkCore.Database.Command) Executed DbCommand ("3"ms) [Parameters=[""], CommandType='Text', CommandTimeout='30']"
""SELECT [n].[Id], [n].[Author], [n].[CategoryId], [n].[Date], [n].[Desc], [n].[Img], [n].[ShortDesc], [n].[Title], [c].[Id], [c].[Desc], [c].[Title]
FROM [News] AS [n]
LEFT JOIN [Categories] AS [c] ON [n].[CategoryId] = [c].[Id]"
2020-12-18T18:34:55.3289281+03:00 [DBG] (Microsoft.EntityFrameworkCore.Database.Command) A data reader was disposed.
2020-12-18T18:34:55.3314384+03:00 [INF] (Serilog.AspNetCore.RequestLoggingMiddleware) HTTP "GET" "/NewsList/GetList" responded 200 in 43.9834 ms
2020-12-18T18:34:55.3653563+03:00 [INF] (Serilog.AspNetCore.RequestLoggingMiddleware) HTTP "GET" "/news?id=uWudtkspk43XYI0QGUVAUg" responded 101 in 12424.6856 ms
2020-12-18T18:34:55.3908120+03:00 [INF] (Serilog.AspNetCore.RequestLoggingMiddleware) HTTP "POST" "/news/negotiate?negotiateVersion=1" responded 200 in 0.3627 ms
2020-12-18T18:35:36.8972112+03:00 [INF] (Serilog.AspNetCore.RequestLoggingMiddleware) HTTP "GET" "/EditNews/EditForm" responded 302 in 8.4791 ms
2020-12-18T18:35:36.9469012+03:00 [INF] (Serilog.AspNetCore.RequestLoggingMiddleware) HTTP "GET" "/Register/Login" responded 200 in 43.3905 ms
2020-12-18T18:35:36.9580542+03:00 [INF] (Serilog.AspNetCore.RequestLoggingMiddleware) HTTP "GET" "/news?id=CZCZOWNJ6GOo2mgjlnLA2g" responded 101 in 41534.2404 ms
