2020-12-13T19:06:02.4082076+03:00 [INF] (Microsoft.Hosting.Lifetime) Now listening on: "https://localhost:5001"
2020-12-13T19:06:02.7663115+03:00 [INF] (Microsoft.Hosting.Lifetime) Now listening on: "http://localhost:5000"
2020-12-13T19:06:02.8160425+03:00 [INF] (Microsoft.Hosting.Lifetime) Application started. Press Ctrl+C to shut down.
2020-12-13T19:06:02.8166339+03:00 [INF] (Microsoft.Hosting.Lifetime) Hosting environment: "Production"
2020-12-13T19:06:02.8173769+03:00 [INF] (Microsoft.Hosting.Lifetime) Content root path: "E:\ASP-NET\NewsForum"
2020-12-13T19:06:08.0381603+03:00 [INF] (Serilog.AspNetCore.RequestLoggingMiddleware) HTTP "GET" "/" responded 302 in 565.3647 ms
2020-12-13T19:06:15.5300590+03:00 [DBG] (Microsoft.EntityFrameworkCore.Database.Command) Creating DbCommand for '"ExecuteReader"'.
2020-12-13T19:06:16.1217765+03:00 [DBG] (Microsoft.EntityFrameworkCore.Database.Command) Created DbCommand for '"ExecuteReader"' (597ms).
2020-12-13T19:06:18.0657131+03:00 [DBG] (Microsoft.EntityFrameworkCore.Database.Command) Executing DbCommand [Parameters=[""], CommandType='Text', CommandTimeout='30']"
""SELECT [n].[Id], [n].[Author], [n].[CategoryId], [n].[Date], [n].[Desc], [n].[Img], [n].[ShortDesc], [n].[Title], [c].[Id], [c].[Desc], [c].[Title]
FROM [News] AS [n]
LEFT JOIN [Categories] AS [c] ON [n].[CategoryId] = [c].[Id]"
2020-12-13T19:06:18.1517507+03:00 [INF] (Microsoft.EntityFrameworkCore.Database.Command) Executed DbCommand ("89"ms) [Parameters=[""], CommandType='Text', CommandTimeout='30']"
""SELECT [n].[Id], [n].[Author], [n].[CategoryId], [n].[Date], [n].[Desc], [n].[Img], [n].[ShortDesc], [n].[Title], [c].[Id], [c].[Desc], [c].[Title]
FROM [News] AS [n]
LEFT JOIN [Categories] AS [c] ON [n].[CategoryId] = [c].[Id]"
2020-12-13T19:06:18.6369607+03:00 [DBG] (Microsoft.EntityFrameworkCore.Database.Command) A data reader was disposed.
2020-12-13T19:06:18.9062250+03:00 [INF] (Serilog.AspNetCore.RequestLoggingMiddleware) HTTP "GET" "/NewsList/GetList" responded 200 in 10780.1165 ms
2020-12-13T19:06:20.2541586+03:00 [INF] (Serilog.AspNetCore.RequestLoggingMiddleware) HTTP "POST" "/news/negotiate?negotiateVersion=1" responded 200 in 183.8464 ms
2020-12-13T19:07:39.5720917+03:00 [INF] (Serilog.AspNetCore.RequestLoggingMiddleware) HTTP "GET" "/Register/Login" responded 200 in 407.7620 ms
2020-12-13T19:07:39.6577013+03:00 [INF] (Serilog.AspNetCore.RequestLoggingMiddleware) HTTP "GET" "/news?id=fLgsH_h37m8Jd7D38of_1w" responded 101 in 79338.0559 ms
2020-12-13T19:07:48.7369193+03:00 [DBG] (Microsoft.EntityFrameworkCore.Database.Command) Creating DbCommand for '"ExecuteReader"'.
2020-12-13T19:07:48.7399066+03:00 [DBG] (Microsoft.EntityFrameworkCore.Database.Command) Created DbCommand for '"ExecuteReader"' (3ms).
2020-12-13T19:07:48.8287314+03:00 [DBG] (Microsoft.EntityFrameworkCore.Database.Command) Executing DbCommand [Parameters=["@__normalizedUserName_0='?' (Size = 256)"], CommandType='Text', CommandTimeout='30']"
""SELECT TOP(1) [a].[Id], [a].[AccessFailedCount], [a].[ConcurrencyStamp], [a].[Email], [a].[EmailConfirmed], [a].[LockoutEnabled], [a].[LockoutEnd], [a].[NormalizedEmail], [a].[NormalizedUserName], [a].[PasswordHash], [a].[PhoneNumber], [a].[PhoneNumberConfirmed], [a].[SecurityStamp], [a].[TwoFactorEnabled], [a].[UserName], [a].[Year]
FROM [AspNetUsers] AS [a]
WHERE [a].[NormalizedUserName] = @__normalizedUserName_0"
2020-12-13T19:07:49.1076272+03:00 [INF] (Microsoft.EntityFrameworkCore.Database.Command) Executed DbCommand ("301"ms) [Parameters=["@__normalizedUserName_0='?' (Size = 256)"], CommandType='Text', CommandTimeout='30']"
""SELECT TOP(1) [a].[Id], [a].[AccessFailedCount], [a].[ConcurrencyStamp], [a].[Email], [a].[EmailConfirmed], [a].[LockoutEnabled], [a].[LockoutEnd], [a].[NormalizedEmail], [a].[NormalizedUserName], [a].[PasswordHash], [a].[PhoneNumber], [a].[PhoneNumberConfirmed], [a].[SecurityStamp], [a].[TwoFactorEnabled], [a].[UserName], [a].[Year]
FROM [AspNetUsers] AS [a]
WHERE [a].[NormalizedUserName] = @__normalizedUserName_0"
2020-12-13T19:07:49.2255037+03:00 [DBG] (Microsoft.EntityFrameworkCore.Database.Command) A data reader was disposed.
2020-12-13T19:07:49.2604598+03:00 [DBG] (Microsoft.EntityFrameworkCore.Database.Command) Creating DbCommand for '"ExecuteReader"'.
2020-12-13T19:07:49.2618172+03:00 [DBG] (Microsoft.EntityFrameworkCore.Database.Command) Created DbCommand for '"ExecuteReader"' (1ms).
2020-12-13T19:07:49.2636453+03:00 [DBG] (Microsoft.EntityFrameworkCore.Database.Command) Executing DbCommand [Parameters=["@__normalizedUserName_0='?' (Size = 256)"], CommandType='Text', CommandTimeout='30']"
""SELECT TOP(1) [a].[Id], [a].[AccessFailedCount], [a].[ConcurrencyStamp], [a].[Email], [a].[EmailConfirmed], [a].[LockoutEnabled], [a].[LockoutEnd], [a].[NormalizedEmail], [a].[NormalizedUserName], [a].[PasswordHash], [a].[PhoneNumber], [a].[PhoneNumberConfirmed], [a].[SecurityStamp], [a].[TwoFactorEnabled], [a].[UserName], [a].[Year]
FROM [AspNetUsers] AS [a]
WHERE [a].[NormalizedUserName] = @__normalizedUserName_0"
2020-12-13T19:07:49.2702719+03:00 [INF] (Microsoft.EntityFrameworkCore.Database.Command) Executed DbCommand ("7"ms) [Parameters=["@__normalizedUserName_0='?' (Size = 256)"], CommandType='Text', CommandTimeout='30']"
""SELECT TOP(1) [a].[Id], [a].[AccessFailedCount], [a].[ConcurrencyStamp], [a].[Email], [a].[EmailConfirmed], [a].[LockoutEnabled], [a].[LockoutEnd], [a].[NormalizedEmail], [a].[NormalizedUserName], [a].[PasswordHash], [a].[PhoneNumber], [a].[PhoneNumberConfirmed], [a].[SecurityStamp], [a].[TwoFactorEnabled], [a].[UserName], [a].[Year]
FROM [AspNetUsers] AS [a]
WHERE [a].[NormalizedUserName] = @__normalizedUserName_0"
2020-12-13T19:07:49.2748659+03:00 [DBG] (Microsoft.EntityFrameworkCore.Database.Command) A data reader was disposed.
2020-12-13T19:07:49.6559440+03:00 [DBG] (Microsoft.EntityFrameworkCore.Database.Command) Creating DbCommand for '"ExecuteReader"'.
2020-12-13T19:07:49.6580383+03:00 [DBG] (Microsoft.EntityFrameworkCore.Database.Command) Created DbCommand for '"ExecuteReader"' (2ms).
2020-12-13T19:07:49.6604039+03:00 [DBG] (Microsoft.EntityFrameworkCore.Database.Command) Executing DbCommand [Parameters=["@__user_Id_0='?' (Size = 450)"], CommandType='Text', CommandTimeout='30']"
""SELECT [a].[Id], [a].[ClaimType], [a].[ClaimValue], [a].[UserId]
FROM [AspNetUserClaims] AS [a]
WHERE [a].[UserId] = @__user_Id_0"
2020-12-13T19:07:49.6737717+03:00 [INF] (Microsoft.EntityFrameworkCore.Database.Command) Executed DbCommand ("13"ms) [Parameters=["@__user_Id_0='?' (Size = 450)"], CommandType='Text', CommandTimeout='30']"
""SELECT [a].[Id], [a].[ClaimType], [a].[ClaimValue], [a].[UserId]
FROM [AspNetUserClaims] AS [a]
WHERE [a].[UserId] = @__user_Id_0"
2020-12-13T19:07:49.6806105+03:00 [DBG] (Microsoft.EntityFrameworkCore.Database.Command) A data reader was disposed.
2020-12-13T19:07:49.7920189+03:00 [DBG] (Microsoft.EntityFrameworkCore.Database.Command) Creating DbCommand for '"ExecuteReader"'.
2020-12-13T19:07:49.7951103+03:00 [DBG] (Microsoft.EntityFrameworkCore.Database.Command) Created DbCommand for '"ExecuteReader"' (3ms).
2020-12-13T19:07:49.7976642+03:00 [DBG] (Microsoft.EntityFrameworkCore.Database.Command) Executing DbCommand [Parameters=["@__userId_0='?' (Size = 450)"], CommandType='Text', CommandTimeout='30']"
""SELECT [a0].[Name]
FROM [AspNetUserRoles] AS [a]
INNER JOIN [AspNetRoles] AS [a0] ON [a].[RoleId] = [a0].[Id]
WHERE [a].[UserId] = @__userId_0"
2020-12-13T19:07:49.9159535+03:00 [INF] (Microsoft.EntityFrameworkCore.Database.Command) Executed DbCommand ("118"ms) [Parameters=["@__userId_0='?' (Size = 450)"], CommandType='Text', CommandTimeout='30']"
""SELECT [a0].[Name]
FROM [AspNetUserRoles] AS [a]
INNER JOIN [AspNetRoles] AS [a0] ON [a].[RoleId] = [a0].[Id]
WHERE [a].[UserId] = @__userId_0"
2020-12-13T19:07:49.9220109+03:00 [DBG] (Microsoft.EntityFrameworkCore.Database.Command) A data reader was disposed.
2020-12-13T19:07:49.9466410+03:00 [DBG] (Microsoft.EntityFrameworkCore.Database.Command) Creating DbCommand for '"ExecuteReader"'.
2020-12-13T19:07:49.9495035+03:00 [DBG] (Microsoft.EntityFrameworkCore.Database.Command) Created DbCommand for '"ExecuteReader"' (2ms).
2020-12-13T19:07:49.9528586+03:00 [DBG] (Microsoft.EntityFrameworkCore.Database.Command) Executing DbCommand [Parameters=["@__normalizedName_0='?' (Size = 256)"], CommandType='Text', CommandTimeout='30']"
""SELECT TOP(1) [a].[Id], [a].[ConcurrencyStamp], [a].[Name], [a].[NormalizedName]
FROM [AspNetRoles] AS [a]
WHERE [a].[NormalizedName] = @__normalizedName_0"
2020-12-13T19:07:49.9623617+03:00 [INF] (Microsoft.EntityFrameworkCore.Database.Command) Executed DbCommand ("9"ms) [Parameters=["@__normalizedName_0='?' (Size = 256)"], CommandType='Text', CommandTimeout='30']"
""SELECT TOP(1) [a].[Id], [a].[ConcurrencyStamp], [a].[Name], [a].[NormalizedName]
FROM [AspNetRoles] AS [a]
WHERE [a].[NormalizedName] = @__normalizedName_0"
2020-12-13T19:07:49.9977707+03:00 [DBG] (Microsoft.EntityFrameworkCore.Database.Command) A data reader was disposed.
2020-12-13T19:07:50.0343742+03:00 [DBG] (Microsoft.EntityFrameworkCore.Database.Command) Creating DbCommand for '"ExecuteReader"'.
2020-12-13T19:07:50.0361261+03:00 [DBG] (Microsoft.EntityFrameworkCore.Database.Command) Created DbCommand for '"ExecuteReader"' (1ms).
2020-12-13T19:07:50.0384045+03:00 [DBG] (Microsoft.EntityFrameworkCore.Database.Command) Executing DbCommand [Parameters=["@__role_Id_0='?' (Size = 450)"], CommandType='Text', CommandTimeout='30']"
""SELECT [a].[ClaimType], [a].[ClaimValue]
FROM [AspNetRoleClaims] AS [a]
WHERE [a].[RoleId] = @__role_Id_0"
2020-12-13T19:07:50.1379538+03:00 [INF] (Microsoft.EntityFrameworkCore.Database.Command) Executed DbCommand ("99"ms) [Parameters=["@__role_Id_0='?' (Size = 450)"], CommandType='Text', CommandTimeout='30']"
""SELECT [a].[ClaimType], [a].[ClaimValue]
FROM [AspNetRoleClaims] AS [a]
WHERE [a].[RoleId] = @__role_Id_0"
2020-12-13T19:07:50.1419803+03:00 [DBG] (Microsoft.EntityFrameworkCore.Database.Command) A data reader was disposed.
2020-12-13T19:07:50.1465641+03:00 [DBG] (Microsoft.EntityFrameworkCore.Database.Command) Creating DbCommand for '"ExecuteReader"'.
2020-12-13T19:07:50.1476473+03:00 [DBG] (Microsoft.EntityFrameworkCore.Database.Command) Created DbCommand for '"ExecuteReader"' (1ms).
2020-12-13T19:07:50.1566157+03:00 [DBG] (Microsoft.EntityFrameworkCore.Database.Command) Executing DbCommand [Parameters=["@__normalizedName_0='?' (Size = 256)"], CommandType='Text', CommandTimeout='30']"
""SELECT TOP(1) [a].[Id], [a].[ConcurrencyStamp], [a].[Name], [a].[NormalizedName]
FROM [AspNetRoles] AS [a]
WHERE [a].[NormalizedName] = @__normalizedName_0"
2020-12-13T19:07:50.1622126+03:00 [INF] (Microsoft.EntityFrameworkCore.Database.Command) Executed DbCommand ("6"ms) [Parameters=["@__normalizedName_0='?' (Size = 256)"], CommandType='Text', CommandTimeout='30']"
""SELECT TOP(1) [a].[Id], [a].[ConcurrencyStamp], [a].[Name], [a].[NormalizedName]
FROM [AspNetRoles] AS [a]
WHERE [a].[NormalizedName] = @__normalizedName_0"
2020-12-13T19:07:50.1664686+03:00 [DBG] (Microsoft.EntityFrameworkCore.Database.Command) A data reader was disposed.
2020-12-13T19:07:50.1749538+03:00 [DBG] (Microsoft.EntityFrameworkCore.Database.Command) Creating DbCommand for '"ExecuteReader"'.
2020-12-13T19:07:50.1761732+03:00 [DBG] (Microsoft.EntityFrameworkCore.Database.Command) Created DbCommand for '"ExecuteReader"' (1ms).
2020-12-13T19:07:50.1783504+03:00 [DBG] (Microsoft.EntityFrameworkCore.Database.Command) Executing DbCommand [Parameters=["@__role_Id_0='?' (Size = 450)"], CommandType='Text', CommandTimeout='30']"
""SELECT [a].[ClaimType], [a].[ClaimValue]
FROM [AspNetRoleClaims] AS [a]
WHERE [a].[RoleId] = @__role_Id_0"
2020-12-13T19:07:50.1880975+03:00 [INF] (Microsoft.EntityFrameworkCore.Database.Command) Executed DbCommand ("10"ms) [Parameters=["@__role_Id_0='?' (Size = 450)"], CommandType='Text', CommandTimeout='30']"
""SELECT [a].[ClaimType], [a].[ClaimValue]
FROM [AspNetRoleClaims] AS [a]
WHERE [a].[RoleId] = @__role_Id_0"
2020-12-13T19:07:50.1911615+03:00 [DBG] (Microsoft.EntityFrameworkCore.Database.Command) A data reader was disposed.
2020-12-13T19:07:50.2786349+03:00 [INF] (Serilog.AspNetCore.RequestLoggingMiddleware) HTTP "POST" "/Register/Login" responded 302 in 2008.2683 ms
2020-12-13T19:07:50.3492297+03:00 [INF] (Serilog.AspNetCore.RequestLoggingMiddleware) HTTP "GET" "/" responded 302 in 1.8226 ms
2020-12-13T19:07:50.4049578+03:00 [DBG] (Microsoft.EntityFrameworkCore.Database.Command) Creating DbCommand for '"ExecuteReader"'.
2020-12-13T19:07:50.4072392+03:00 [DBG] (Microsoft.EntityFrameworkCore.Database.Command) Created DbCommand for '"ExecuteReader"' (2ms).
2020-12-13T19:07:50.4113865+03:00 [DBG] (Microsoft.EntityFrameworkCore.Database.Command) Executing DbCommand [Parameters=[""], CommandType='Text', CommandTimeout='30']"
""SELECT [n].[Id], [n].[Author], [n].[CategoryId], [n].[Date], [n].[Desc], [n].[Img], [n].[ShortDesc], [n].[Title], [c].[Id], [c].[Desc], [c].[Title]
FROM [News] AS [n]
LEFT JOIN [Categories] AS [c] ON [n].[CategoryId] = [c].[Id]"
2020-12-13T19:07:50.4151633+03:00 [INF] (Microsoft.EntityFrameworkCore.Database.Command) Executed DbCommand ("4"ms) [Parameters=[""], CommandType='Text', CommandTimeout='30']"
""SELECT [n].[Id], [n].[Author], [n].[CategoryId], [n].[Date], [n].[Desc], [n].[Img], [n].[ShortDesc], [n].[Title], [c].[Id], [c].[Desc], [c].[Title]
FROM [News] AS [n]
LEFT JOIN [Categories] AS [c] ON [n].[CategoryId] = [c].[Id]"
2020-12-13T19:07:50.4484194+03:00 [DBG] (Microsoft.EntityFrameworkCore.Database.Command) A data reader was disposed.
2020-12-13T19:07:50.4584165+03:00 [INF] (Serilog.AspNetCore.RequestLoggingMiddleware) HTTP "GET" "/NewsList/GetList" responded 200 in 86.4461 ms
2020-12-13T19:07:50.7090792+03:00 [INF] (Serilog.AspNetCore.RequestLoggingMiddleware) HTTP "POST" "/news/negotiate?negotiateVersion=1" responded 200 in 0.7754 ms
2020-12-13T19:07:54.6748966+03:00 [DBG] (Microsoft.EntityFrameworkCore.Database.Command) Creating DbCommand for '"ExecuteReader"'.
2020-12-13T19:07:54.6768090+03:00 [DBG] (Microsoft.EntityFrameworkCore.Database.Command) Created DbCommand for '"ExecuteReader"' (2ms).
2020-12-13T19:07:54.6783519+03:00 [DBG] (Microsoft.EntityFrameworkCore.Database.Command) Executing DbCommand [Parameters=[""], CommandType='Text', CommandTimeout='30']"
""SELECT [c].[Id], [c].[Desc], [c].[Title]
FROM [Categories] AS [c]"
2020-12-13T19:07:54.6809730+03:00 [INF] (Microsoft.EntityFrameworkCore.Database.Command) Executed DbCommand ("3"ms) [Parameters=[""], CommandType='Text', CommandTimeout='30']"
""SELECT [c].[Id], [c].[Desc], [c].[Title]
FROM [Categories] AS [c]"
2020-12-13T19:07:54.6839372+03:00 [DBG] (Microsoft.EntityFrameworkCore.Database.Command) A data reader was disposed.
2020-12-13T19:07:54.7376119+03:00 [INF] (Serilog.AspNetCore.RequestLoggingMiddleware) HTTP "GET" "/EditNews/EditForm" responded 200 in 89.8627 ms
2020-12-13T19:07:54.7517673+03:00 [INF] (Serilog.AspNetCore.RequestLoggingMiddleware) HTTP "GET" "/news?id=-JIP9CML4C_VeOf0TTJ4sw" responded 101 in 4026.8553 ms
2020-12-13T19:07:54.8465750+03:00 [INF] (Serilog.AspNetCore.RequestLoggingMiddleware) HTTP "POST" "/news/negotiate?negotiateVersion=1" responded 200 in 1.2945 ms
2020-12-13T22:58:57.5377313+03:00 [INF] (Microsoft.Hosting.Lifetime) Now listening on: "https://localhost:5001"
2020-12-13T22:58:57.6858201+03:00 [INF] (Microsoft.Hosting.Lifetime) Now listening on: "http://localhost:5000"
2020-12-13T22:58:57.6893554+03:00 [INF] (Microsoft.Hosting.Lifetime) Application started. Press Ctrl+C to shut down.
2020-12-13T22:58:57.6897038+03:00 [INF] (Microsoft.Hosting.Lifetime) Hosting environment: "Production"
2020-12-13T22:58:57.6899565+03:00 [INF] (Microsoft.Hosting.Lifetime) Content root path: "E:\ASP-NET\NewsForum"
2020-12-13T22:59:00.7464022+03:00 [DBG] (Microsoft.EntityFrameworkCore.Database.Command) Creating DbCommand for '"ExecuteReader"'.
2020-12-13T22:59:00.8866405+03:00 [DBG] (Microsoft.EntityFrameworkCore.Database.Command) Created DbCommand for '"ExecuteReader"' (140ms).
2020-12-13T22:59:01.7075535+03:00 [DBG] (Microsoft.EntityFrameworkCore.Database.Command) Executing DbCommand [Parameters=["@__p_0='?' (Size = 450)"], CommandType='Text', CommandTimeout='30']"
""SELECT TOP(1) [a].[Id], [a].[AccessFailedCount], [a].[ConcurrencyStamp], [a].[Email], [a].[EmailConfirmed], [a].[LockoutEnabled], [a].[LockoutEnd], [a].[NormalizedEmail], [a].[NormalizedUserName], [a].[PasswordHash], [a].[PhoneNumber], [a].[PhoneNumberConfirmed], [a].[SecurityStamp], [a].[TwoFactorEnabled], [a].[UserName], [a].[Year]
FROM [AspNetUsers] AS [a]
WHERE [a].[Id] = @__p_0"
2020-12-13T22:59:01.7897220+03:00 [INF] (Microsoft.EntityFrameworkCore.Database.Command) Executed DbCommand ("77"ms) [Parameters=["@__p_0='?' (Size = 450)"], CommandType='Text', CommandTimeout='30']"
""SELECT TOP(1) [a].[Id], [a].[AccessFailedCount], [a].[ConcurrencyStamp], [a].[Email], [a].[EmailConfirmed], [a].[LockoutEnabled], [a].[LockoutEnd], [a].[NormalizedEmail], [a].[NormalizedUserName], [a].[PasswordHash], [a].[PhoneNumber], [a].[PhoneNumberConfirmed], [a].[SecurityStamp], [a].[TwoFactorEnabled], [a].[UserName], [a].[Year]
FROM [AspNetUsers] AS [a]
WHERE [a].[Id] = @__p_0"
2020-12-13T22:59:01.9037148+03:00 [DBG] (Microsoft.EntityFrameworkCore.Database.Command) A data reader was disposed.
2020-12-13T22:59:01.9563867+03:00 [DBG] (Microsoft.EntityFrameworkCore.Database.Command) Creating DbCommand for '"ExecuteReader"'.
2020-12-13T22:59:01.9570484+03:00 [DBG] (Microsoft.EntityFrameworkCore.Database.Command) Created DbCommand for '"ExecuteReader"' (0ms).
2020-12-13T22:59:01.9582426+03:00 [DBG] (Microsoft.EntityFrameworkCore.Database.Command) Executing DbCommand [Parameters=["@__user_Id_0='?' (Size = 450)"], CommandType='Text', CommandTimeout='30']"
""SELECT [a].[Id], [a].[ClaimType], [a].[ClaimValue], [a].[UserId]
FROM [AspNetUserClaims] AS [a]
WHERE [a].[UserId] = @__user_Id_0"
2020-12-13T22:59:01.9624518+03:00 [INF] (Microsoft.EntityFrameworkCore.Database.Command) Executed DbCommand ("4"ms) [Parameters=["@__user_Id_0='?' (Size = 450)"], CommandType='Text', CommandTimeout='30']"
""SELECT [a].[Id], [a].[ClaimType], [a].[ClaimValue], [a].[UserId]
FROM [AspNetUserClaims] AS [a]
WHERE [a].[UserId] = @__user_Id_0"
2020-12-13T22:59:01.9643331+03:00 [DBG] (Microsoft.EntityFrameworkCore.Database.Command) A data reader was disposed.
2020-12-13T22:59:02.0137426+03:00 [DBG] (Microsoft.EntityFrameworkCore.Database.Command) Creating DbCommand for '"ExecuteReader"'.
2020-12-13T22:59:02.0144402+03:00 [DBG] (Microsoft.EntityFrameworkCore.Database.Command) Created DbCommand for '"ExecuteReader"' (0ms).
2020-12-13T22:59:02.0152071+03:00 [DBG] (Microsoft.EntityFrameworkCore.Database.Command) Executing DbCommand [Parameters=["@__userId_0='?' (Size = 450)"], CommandType='Text', CommandTimeout='30']"
""SELECT [a0].[Name]
FROM [AspNetUserRoles] AS [a]
INNER JOIN [AspNetRoles] AS [a0] ON [a].[RoleId] = [a0].[Id]
WHERE [a].[UserId] = @__userId_0"
2020-12-13T22:59:02.0199268+03:00 [INF] (Microsoft.EntityFrameworkCore.Database.Command) Executed DbCommand ("5"ms) [Parameters=["@__userId_0='?' (Size = 450)"], CommandType='Text', CommandTimeout='30']"
""SELECT [a0].[Name]
FROM [AspNetUserRoles] AS [a]
INNER JOIN [AspNetRoles] AS [a0] ON [a].[RoleId] = [a0].[Id]
WHERE [a].[UserId] = @__userId_0"
2020-12-13T22:59:02.0219329+03:00 [DBG] (Microsoft.EntityFrameworkCore.Database.Command) A data reader was disposed.
2020-12-13T22:59:02.0296470+03:00 [DBG] (Microsoft.EntityFrameworkCore.Database.Command) Creating DbCommand for '"ExecuteReader"'.
2020-12-13T22:59:02.0300944+03:00 [DBG] (Microsoft.EntityFrameworkCore.Database.Command) Created DbCommand for '"ExecuteReader"' (0ms).
2020-12-13T22:59:02.0308000+03:00 [DBG] (Microsoft.EntityFrameworkCore.Database.Command) Executing DbCommand [Parameters=["@__normalizedName_0='?' (Size = 256)"], CommandType='Text', CommandTimeout='30']"
""SELECT TOP(1) [a].[Id], [a].[ConcurrencyStamp], [a].[Name], [a].[NormalizedName]
FROM [AspNetRoles] AS [a]
WHERE [a].[NormalizedName] = @__normalizedName_0"
2020-12-13T22:59:02.0337378+03:00 [INF] (Microsoft.EntityFrameworkCore.Database.Command) Executed DbCommand ("3"ms) [Parameters=["@__normalizedName_0='?' (Size = 256)"], CommandType='Text', CommandTimeout='30']"
""SELECT TOP(1) [a].[Id], [a].[ConcurrencyStamp], [a].[Name], [a].[NormalizedName]
FROM [AspNetRoles] AS [a]
WHERE [a].[NormalizedName] = @__normalizedName_0"
2020-12-13T22:59:02.0437433+03:00 [DBG] (Microsoft.EntityFrameworkCore.Database.Command) A data reader was disposed.
2020-12-13T22:59:02.0495679+03:00 [DBG] (Microsoft.EntityFrameworkCore.Database.Command) Creating DbCommand for '"ExecuteReader"'.
2020-12-13T22:59:02.0499962+03:00 [DBG] (Microsoft.EntityFrameworkCore.Database.Command) Created DbCommand for '"ExecuteReader"' (0ms).
2020-12-13T22:59:02.0509669+03:00 [DBG] (Microsoft.EntityFrameworkCore.Database.Command) Executing DbCommand [Parameters=["@__role_Id_0='?' (Size = 450)"], CommandType='Text', CommandTimeout='30']"
""SELECT [a].[ClaimType], [a].[ClaimValue]
FROM [AspNetRoleClaims] AS [a]
WHERE [a].[RoleId] = @__role_Id_0"
2020-12-13T22:59:02.0541397+03:00 [INF] (Microsoft.EntityFrameworkCore.Database.Command) Executed DbCommand ("3"ms) [Parameters=["@__role_Id_0='?' (Size = 450)"], CommandType='Text', CommandTimeout='30']"
""SELECT [a].[ClaimType], [a].[ClaimValue]
FROM [AspNetRoleClaims] AS [a]
WHERE [a].[RoleId] = @__role_Id_0"
2020-12-13T22:59:02.0551599+03:00 [DBG] (Microsoft.EntityFrameworkCore.Database.Command) A data reader was disposed.
2020-12-13T22:59:02.0591644+03:00 [DBG] (Microsoft.EntityFrameworkCore.Database.Command) Creating DbCommand for '"ExecuteReader"'.
2020-12-13T22:59:02.0600716+03:00 [DBG] (Microsoft.EntityFrameworkCore.Database.Command) Created DbCommand for '"ExecuteReader"' (0ms).
2020-12-13T22:59:02.0608231+03:00 [DBG] (Microsoft.EntityFrameworkCore.Database.Command) Executing DbCommand [Parameters=["@__normalizedName_0='?' (Size = 256)"], CommandType='Text', CommandTimeout='30']"
""SELECT TOP(1) [a].[Id], [a].[ConcurrencyStamp], [a].[Name], [a].[NormalizedName]
FROM [AspNetRoles] AS [a]
WHERE [a].[NormalizedName] = @__normalizedName_0"
2020-12-13T22:59:02.0626039+03:00 [INF] (Microsoft.EntityFrameworkCore.Database.Command) Executed DbCommand ("2"ms) [Parameters=["@__normalizedName_0='?' (Size = 256)"], CommandType='Text', CommandTimeout='30']"
""SELECT TOP(1) [a].[Id], [a].[ConcurrencyStamp], [a].[Name], [a].[NormalizedName]
FROM [AspNetRoles] AS [a]
WHERE [a].[NormalizedName] = @__normalizedName_0"
2020-12-13T22:59:02.0635291+03:00 [DBG] (Microsoft.EntityFrameworkCore.Database.Command) A data reader was disposed.
2020-12-13T22:59:02.0649819+03:00 [DBG] (Microsoft.EntityFrameworkCore.Database.Command) Creating DbCommand for '"ExecuteReader"'.
2020-12-13T22:59:02.0684945+03:00 [DBG] (Microsoft.EntityFrameworkCore.Database.Command) Created DbCommand for '"ExecuteReader"' (3ms).
2020-12-13T22:59:02.0691513+03:00 [DBG] (Microsoft.EntityFrameworkCore.Database.Command) Executing DbCommand [Parameters=["@__role_Id_0='?' (Size = 450)"], CommandType='Text', CommandTimeout='30']"
""SELECT [a].[ClaimType], [a].[ClaimValue]
FROM [AspNetRoleClaims] AS [a]
WHERE [a].[RoleId] = @__role_Id_0"
2020-12-13T22:59:02.0709711+03:00 [INF] (Microsoft.EntityFrameworkCore.Database.Command) Executed DbCommand ("2"ms) [Parameters=["@__role_Id_0='?' (Size = 450)"], CommandType='Text', CommandTimeout='30']"
""SELECT [a].[ClaimType], [a].[ClaimValue]
FROM [AspNetRoleClaims] AS [a]
WHERE [a].[RoleId] = @__role_Id_0"
2020-12-13T22:59:02.0718392+03:00 [DBG] (Microsoft.EntityFrameworkCore.Database.Command) A data reader was disposed.
2020-12-13T22:59:02.2522823+03:00 [INF] (Serilog.AspNetCore.RequestLoggingMiddleware) HTTP "GET" "/" responded 302 in 171.9596 ms
2020-12-13T22:59:02.6433291+03:00 [DBG] (Microsoft.EntityFrameworkCore.Database.Command) Creating DbCommand for '"ExecuteReader"'.
2020-12-13T22:59:02.6445910+03:00 [DBG] (Microsoft.EntityFrameworkCore.Database.Command) Created DbCommand for '"ExecuteReader"' (1ms).
2020-12-13T22:59:02.6475059+03:00 [DBG] (Microsoft.EntityFrameworkCore.Database.Command) Executing DbCommand [Parameters=[""], CommandType='Text', CommandTimeout='30']"
""SELECT [n].[Id], [n].[Author], [n].[CategoryId], [n].[Date], [n].[Desc], [n].[Img], [n].[ShortDesc], [n].[Title], [c].[Id], [c].[Desc], [c].[Title]
FROM [News] AS [n]
LEFT JOIN [Categories] AS [c] ON [n].[CategoryId] = [c].[Id]"
2020-12-13T22:59:02.6628314+03:00 [INF] (Microsoft.EntityFrameworkCore.Database.Command) Executed DbCommand ("15"ms) [Parameters=[""], CommandType='Text', CommandTimeout='30']"
""SELECT [n].[Id], [n].[Author], [n].[CategoryId], [n].[Date], [n].[Desc], [n].[Img], [n].[ShortDesc], [n].[Title], [c].[Id], [c].[Desc], [c].[Title]
FROM [News] AS [n]
LEFT JOIN [Categories] AS [c] ON [n].[CategoryId] = [c].[Id]"
2020-12-13T22:59:02.6643852+03:00 [DBG] (Microsoft.EntityFrameworkCore.Database.Command) A data reader was disposed.
2020-12-13T22:59:02.7458468+03:00 [INF] (Serilog.AspNetCore.RequestLoggingMiddleware) HTTP "GET" "/NewsList/GetList" responded 200 in 457.9989 ms
2020-12-13T22:59:03.3549828+03:00 [INF] (Serilog.AspNetCore.RequestLoggingMiddleware) HTTP "POST" "/news/negotiate?negotiateVersion=1" responded 200 in 68.6689 ms
2020-12-13T22:59:12.2376937+03:00 [INF] (Serilog.AspNetCore.RequestLoggingMiddleware) HTTP "GET" "/" responded 302 in 1.9262 ms
2020-12-13T22:59:12.2594721+03:00 [DBG] (Microsoft.EntityFrameworkCore.Database.Command) Creating DbCommand for '"ExecuteReader"'.
2020-12-13T22:59:12.2600329+03:00 [DBG] (Microsoft.EntityFrameworkCore.Database.Command) Created DbCommand for '"ExecuteReader"' (0ms).
2020-12-13T22:59:12.2609077+03:00 [DBG] (Microsoft.EntityFrameworkCore.Database.Command) Executing DbCommand [Parameters=[""], CommandType='Text', CommandTimeout='30']"
""SELECT [n].[Id], [n].[Author], [n].[CategoryId], [n].[Date], [n].[Desc], [n].[Img], [n].[ShortDesc], [n].[Title], [c].[Id], [c].[Desc], [c].[Title]
FROM [News] AS [n]
LEFT JOIN [Categories] AS [c] ON [n].[CategoryId] = [c].[Id]"
2020-12-13T22:59:12.2626820+03:00 [INF] (Microsoft.EntityFrameworkCore.Database.Command) Executed DbCommand ("2"ms) [Parameters=[""], CommandType='Text', CommandTimeout='30']"
""SELECT [n].[Id], [n].[Author], [n].[CategoryId], [n].[Date], [n].[Desc], [n].[Img], [n].[ShortDesc], [n].[Title], [c].[Id], [c].[Desc], [c].[Title]
FROM [News] AS [n]
LEFT JOIN [Categories] AS [c] ON [n].[CategoryId] = [c].[Id]"
2020-12-13T22:59:12.2639493+03:00 [DBG] (Microsoft.EntityFrameworkCore.Database.Command) A data reader was disposed.
2020-12-13T22:59:12.2687275+03:00 [INF] (Serilog.AspNetCore.RequestLoggingMiddleware) HTTP "GET" "/NewsList/GetList" responded 200 in 23.7417 ms
2020-12-13T22:59:18.2750417+03:00 [INF] (Serilog.AspNetCore.RequestLoggingMiddleware) HTTP "GET" "/Categories" responded 404 in 0.2032 ms
2020-12-13T22:59:18.3596757+03:00 [INF] (Serilog.AspNetCore.RequestLoggingMiddleware) HTTP "GET" "/Categories" responded 404 in 62.5624 ms
2020-12-13T22:59:18.3932717+03:00 [INF] (Serilog.AspNetCore.RequestLoggingMiddleware) HTTP "GET" "/news?id=lJL2TbvFXeVQZ6ZoYIwoqw" responded 101 in 15006.4333 ms
2020-12-13T22:59:39.9738087+03:00 [DBG] (Microsoft.EntityFrameworkCore.Database.Command) Creating DbCommand for '"ExecuteReader"'.
2020-12-13T22:59:39.9764316+03:00 [DBG] (Microsoft.EntityFrameworkCore.Database.Command) Created DbCommand for '"ExecuteReader"' (2ms).
2020-12-13T22:59:39.9794933+03:00 [DBG] (Microsoft.EntityFrameworkCore.Database.Command) Executing DbCommand [Parameters=[""], CommandType='Text', CommandTimeout='30']"
""SELECT [a].[Id], [a].[AccessFailedCount], [a].[ConcurrencyStamp], [a].[Email], [a].[EmailConfirmed], [a].[LockoutEnabled], [a].[LockoutEnd], [a].[NormalizedEmail], [a].[NormalizedUserName], [a].[PasswordHash], [a].[PhoneNumber], [a].[PhoneNumberConfirmed], [a].[SecurityStamp], [a].[TwoFactorEnabled], [a].[UserName], [a].[Year]
FROM [AspNetUsers] AS [a]"
2020-12-13T22:59:39.9832939+03:00 [INF] (Microsoft.EntityFrameworkCore.Database.Command) Executed DbCommand ("4"ms) [Parameters=[""], CommandType='Text', CommandTimeout='30']"
""SELECT [a].[Id], [a].[AccessFailedCount], [a].[ConcurrencyStamp], [a].[Email], [a].[EmailConfirmed], [a].[LockoutEnabled], [a].[LockoutEnd], [a].[NormalizedEmail], [a].[NormalizedUserName], [a].[PasswordHash], [a].[PhoneNumber], [a].[PhoneNumberConfirmed], [a].[SecurityStamp], [a].[TwoFactorEnabled], [a].[UserName], [a].[Year]
FROM [AspNetUsers] AS [a]"
2020-12-13T22:59:39.9855374+03:00 [DBG] (Microsoft.EntityFrameworkCore.Database.Command) A data reader was disposed.
2020-12-13T22:59:40.0363974+03:00 [INF] (Serilog.AspNetCore.RequestLoggingMiddleware) HTTP "GET" "/Admin" responded 200 in 74.3420 ms
2020-12-13T23:01:30.8458594+03:00 [INF] (Microsoft.Hosting.Lifetime) Now listening on: "https://localhost:5001"
2020-12-13T23:01:30.9107293+03:00 [INF] (Microsoft.Hosting.Lifetime) Now listening on: "http://localhost:5000"
2020-12-13T23:01:30.9140750+03:00 [INF] (Microsoft.Hosting.Lifetime) Application started. Press Ctrl+C to shut down.
2020-12-13T23:01:30.9143977+03:00 [INF] (Microsoft.Hosting.Lifetime) Hosting environment: "Production"
2020-12-13T23:01:30.9146334+03:00 [INF] (Microsoft.Hosting.Lifetime) Content root path: "E:\ASP-NET\NewsForum"
2020-12-13T23:01:33.0720367+03:00 [DBG] (Microsoft.EntityFrameworkCore.Database.Command) Creating DbCommand for '"ExecuteReader"'.
2020-12-13T23:01:33.1082838+03:00 [DBG] (Microsoft.EntityFrameworkCore.Database.Command) Created DbCommand for '"ExecuteReader"' (37ms).
2020-12-13T23:01:33.3483558+03:00 [DBG] (Microsoft.EntityFrameworkCore.Database.Command) Executing DbCommand [Parameters=[""], CommandType='Text', CommandTimeout='30']"
""SELECT [n].[Id], [n].[Author], [n].[CategoryId], [n].[Date], [n].[Desc], [n].[Img], [n].[ShortDesc], [n].[Title], [c].[Id], [c].[Desc], [c].[Title]
FROM [News] AS [n]
LEFT JOIN [Categories] AS [c] ON [n].[CategoryId] = [c].[Id]"
2020-12-13T23:01:33.3840849+03:00 [INF] (Microsoft.EntityFrameworkCore.Database.Command) Executed DbCommand ("37"ms) [Parameters=[""], CommandType='Text', CommandTimeout='30']"
""SELECT [n].[Id], [n].[Author], [n].[CategoryId], [n].[Date], [n].[Desc], [n].[Img], [n].[ShortDesc], [n].[Title], [c].[Id], [c].[Desc], [c].[Title]
FROM [News] AS [n]
LEFT JOIN [Categories] AS [c] ON [n].[CategoryId] = [c].[Id]"
2020-12-13T23:01:33.3976584+03:00 [DBG] (Microsoft.EntityFrameworkCore.Database.Command) A data reader was disposed.
2020-12-13T23:01:33.4520398+03:00 [INF] (Serilog.AspNetCore.RequestLoggingMiddleware) HTTP "GET" "/NewsList/GetList" responded 200 in 1477.2030 ms
2020-12-13T23:01:33.7879764+03:00 [INF] (Serilog.AspNetCore.RequestLoggingMiddleware) HTTP "POST" "/news/negotiate?negotiateVersion=1" responded 200 in 14.3537 ms
2020-12-13T23:05:08.5453271+03:00 [INF] (Microsoft.Hosting.Lifetime) Now listening on: "https://localhost:5001"
2020-12-13T23:05:08.6215553+03:00 [INF] (Microsoft.Hosting.Lifetime) Now listening on: "http://localhost:5000"
2020-12-13T23:05:08.6244814+03:00 [INF] (Microsoft.Hosting.Lifetime) Application started. Press Ctrl+C to shut down.
2020-12-13T23:05:08.6247536+03:00 [INF] (Microsoft.Hosting.Lifetime) Hosting environment: "Production"
2020-12-13T23:05:08.6249555+03:00 [INF] (Microsoft.Hosting.Lifetime) Content root path: "E:\ASP-NET\NewsForum"
2020-12-13T23:05:09.8166860+03:00 [INF] (Serilog.AspNetCore.RequestLoggingMiddleware) HTTP "GET" "/" responded 302 in 92.2696 ms
2020-12-13T23:05:10.8219605+03:00 [DBG] (Microsoft.EntityFrameworkCore.Database.Command) Creating DbCommand for '"ExecuteReader"'.
2020-12-13T23:05:10.8621285+03:00 [DBG] (Microsoft.EntityFrameworkCore.Database.Command) Created DbCommand for '"ExecuteReader"' (40ms).
2020-12-13T23:05:11.1133600+03:00 [DBG] (Microsoft.EntityFrameworkCore.Database.Command) Executing DbCommand [Parameters=[""], CommandType='Text', CommandTimeout='30']"
""SELECT [n].[Id], [n].[Author], [n].[CategoryId], [n].[Date], [n].[Desc], [n].[Img], [n].[ShortDesc], [n].[Title], [c].[Id], [c].[Desc], [c].[Title]
FROM [News] AS [n]
LEFT JOIN [Categories] AS [c] ON [n].[CategoryId] = [c].[Id]"
2020-12-13T23:05:11.1479068+03:00 [INF] (Microsoft.EntityFrameworkCore.Database.Command) Executed DbCommand ("36"ms) [Parameters=[""], CommandType='Text', CommandTimeout='30']"
""SELECT [n].[Id], [n].[Author], [n].[CategoryId], [n].[Date], [n].[Desc], [n].[Img], [n].[ShortDesc], [n].[Title], [c].[Id], [c].[Desc], [c].[Title]
FROM [News] AS [n]
LEFT JOIN [Categories] AS [c] ON [n].[CategoryId] = [c].[Id]"
2020-12-13T23:05:11.1604107+03:00 [DBG] (Microsoft.EntityFrameworkCore.Database.Command) A data reader was disposed.
2020-12-13T23:05:11.2053965+03:00 [INF] (Serilog.AspNetCore.RequestLoggingMiddleware) HTTP "GET" "/NewsList/GetList" responded 200 in 1360.3557 ms
2020-12-13T23:05:11.4545668+03:00 [INF] (Serilog.AspNetCore.RequestLoggingMiddleware) HTTP "POST" "/news/negotiate?negotiateVersion=1" responded 200 in 11.3519 ms
2020-12-13T23:13:03.8654412+03:00 [INF] (Microsoft.Hosting.Lifetime) Now listening on: "https://localhost:5001"
2020-12-13T23:13:03.9547410+03:00 [INF] (Microsoft.Hosting.Lifetime) Now listening on: "http://localhost:5000"
2020-12-13T23:13:03.9580146+03:00 [INF] (Microsoft.Hosting.Lifetime) Application started. Press Ctrl+C to shut down.
2020-12-13T23:13:03.9583228+03:00 [INF] (Microsoft.Hosting.Lifetime) Hosting environment: "Production"
2020-12-13T23:13:03.9585862+03:00 [INF] (Microsoft.Hosting.Lifetime) Content root path: "E:\ASP-NET\NewsForum"
2020-12-13T23:13:05.0353508+03:00 [INF] (Serilog.AspNetCore.RequestLoggingMiddleware) HTTP "GET" "/" responded 302 in 86.2727 ms
2020-12-13T23:13:06.1282252+03:00 [DBG] (Microsoft.EntityFrameworkCore.Database.Command) Creating DbCommand for '"ExecuteReader"'.
2020-12-13T23:13:06.1755220+03:00 [DBG] (Microsoft.EntityFrameworkCore.Database.Command) Created DbCommand for '"ExecuteReader"' (47ms).
2020-12-13T23:13:06.4855840+03:00 [DBG] (Microsoft.EntityFrameworkCore.Database.Command) Executing DbCommand [Parameters=[""], CommandType='Text', CommandTimeout='30']"
""SELECT [n].[Id], [n].[Author], [n].[CategoryId], [n].[Date], [n].[Desc], [n].[Img], [n].[ShortDesc], [n].[Title], [c].[Id], [c].[Desc], [c].[Title]
FROM [News] AS [n]
LEFT JOIN [Categories] AS [c] ON [n].[CategoryId] = [c].[Id]"
2020-12-13T23:13:06.5281964+03:00 [INF] (Microsoft.EntityFrameworkCore.Database.Command) Executed DbCommand ("44"ms) [Parameters=[""], CommandType='Text', CommandTimeout='30']"
""SELECT [n].[Id], [n].[Author], [n].[CategoryId], [n].[Date], [n].[Desc], [n].[Img], [n].[ShortDesc], [n].[Title], [c].[Id], [c].[Desc], [c].[Title]
FROM [News] AS [n]
LEFT JOIN [Categories] AS [c] ON [n].[CategoryId] = [c].[Id]"
2020-12-13T23:13:06.5435329+03:00 [DBG] (Microsoft.EntityFrameworkCore.Database.Command) A data reader was disposed.
2020-12-13T23:13:06.6015911+03:00 [INF] (Serilog.AspNetCore.RequestLoggingMiddleware) HTTP "GET" "/NewsList/GetList" responded 200 in 1542.2189 ms
2020-12-13T23:13:06.9358271+03:00 [INF] (Serilog.AspNetCore.RequestLoggingMiddleware) HTTP "POST" "/news/negotiate?negotiateVersion=1" responded 200 in 14.9038 ms
2020-12-13T23:13:34.4088017+03:00 [DBG] (Microsoft.EntityFrameworkCore.Database.Command) Creating DbCommand for '"ExecuteReader"'.
2020-12-13T23:13:34.4100667+03:00 [DBG] (Microsoft.EntityFrameworkCore.Database.Command) Created DbCommand for '"ExecuteReader"' (1ms).
2020-12-13T23:13:34.4120161+03:00 [DBG] (Microsoft.EntityFrameworkCore.Database.Command) Executing DbCommand [Parameters=[""], CommandType='Text', CommandTimeout='30']"
""SELECT [c].[Id], [c].[Desc], [c].[Title], [n].[Id], [n].[Author], [n].[CategoryId], [n].[Date], [n].[Desc], [n].[Img], [n].[ShortDesc], [n].[Title]
FROM [Categories] AS [c]
LEFT JOIN [News] AS [n] ON [c].[Id] = [n].[CategoryId]
ORDER BY [c].[Id], [n].[Id]"
2020-12-13T23:13:34.4173289+03:00 [INF] (Microsoft.EntityFrameworkCore.Database.Command) Executed DbCommand ("5"ms) [Parameters=[""], CommandType='Text', CommandTimeout='30']"
""SELECT [c].[Id], [c].[Desc], [c].[Title], [n].[Id], [n].[Author], [n].[CategoryId], [n].[Date], [n].[Desc], [n].[Img], [n].[ShortDesc], [n].[Title]
FROM [Categories] AS [c]
LEFT JOIN [News] AS [n] ON [c].[Id] = [n].[CategoryId]
ORDER BY [c].[Id], [n].[Id]"
2020-12-13T23:13:34.4185232+03:00 [DBG] (Microsoft.EntityFrameworkCore.Database.Command) A data reader was disposed.
2020-12-13T23:13:34.4224581+03:00 [INF] (Serilog.AspNetCore.RequestLoggingMiddleware) HTTP "GET" "/Category" responded 200 in 304.8041 ms
2020-12-13T23:13:34.4509238+03:00 [INF] (Serilog.AspNetCore.RequestLoggingMiddleware) HTTP "GET" "/news?id=S7zF-0a2mAqRkDS7LZ_M1A" responded 101 in 27482.0943 ms
2020-12-13T23:13:37.5555709+03:00 [INF] (Serilog.AspNetCore.RequestLoggingMiddleware) HTTP "GET" "/Category/EditForm" responded 200 in 18.1687 ms
2020-12-13T23:13:57.2658956+03:00 [INF] (Serilog.AspNetCore.RequestLoggingMiddleware) HTTP "POST" "/Categoty/EditForm" responded 404 in 0.1882 ms
2020-12-13T23:13:57.4829618+03:00 [INF] (Serilog.AspNetCore.RequestLoggingMiddleware) HTTP "POST" "/Categoty/EditForm" responded 404 in 215.1020 ms
2020-12-13T23:16:08.3547904+03:00 [INF] (Microsoft.Hosting.Lifetime) Now listening on: "https://localhost:5001"
2020-12-13T23:16:08.4235954+03:00 [INF] (Microsoft.Hosting.Lifetime) Now listening on: "http://localhost:5000"
2020-12-13T23:16:08.4264811+03:00 [INF] (Microsoft.Hosting.Lifetime) Application started. Press Ctrl+C to shut down.
2020-12-13T23:16:08.4268446+03:00 [INF] (Microsoft.Hosting.Lifetime) Hosting environment: "Production"
2020-12-13T23:16:08.4270992+03:00 [INF] (Microsoft.Hosting.Lifetime) Content root path: "E:\ASP-NET\NewsForum"
2020-12-13T23:16:09.3319766+03:00 [INF] (Serilog.AspNetCore.RequestLoggingMiddleware) HTTP "GET" "/" responded 302 in 91.3378 ms
2020-12-13T23:16:10.3304472+03:00 [DBG] (Microsoft.EntityFrameworkCore.Database.Command) Creating DbCommand for '"ExecuteReader"'.
2020-12-13T23:16:10.3656273+03:00 [DBG] (Microsoft.EntityFrameworkCore.Database.Command) Created DbCommand for '"ExecuteReader"' (35ms).
2020-12-13T23:16:10.6308125+03:00 [DBG] (Microsoft.EntityFrameworkCore.Database.Command) Executing DbCommand [Parameters=[""], CommandType='Text', CommandTimeout='30']"
""SELECT [n].[Id], [n].[Author], [n].[CategoryId], [n].[Date], [n].[Desc], [n].[Img], [n].[ShortDesc], [n].[Title], [c].[Id], [c].[Desc], [c].[Title]
FROM [News] AS [n]
LEFT JOIN [Categories] AS [c] ON [n].[CategoryId] = [c].[Id]"
2020-12-13T23:16:10.6622116+03:00 [INF] (Microsoft.EntityFrameworkCore.Database.Command) Executed DbCommand ("33"ms) [Parameters=[""], CommandType='Text', CommandTimeout='30']"
""SELECT [n].[Id], [n].[Author], [n].[CategoryId], [n].[Date], [n].[Desc], [n].[Img], [n].[ShortDesc], [n].[Title], [c].[Id], [c].[Desc], [c].[Title]
FROM [News] AS [n]
LEFT JOIN [Categories] AS [c] ON [n].[CategoryId] = [c].[Id]"
2020-12-13T23:16:10.6743053+03:00 [DBG] (Microsoft.EntityFrameworkCore.Database.Command) A data reader was disposed.
2020-12-13T23:16:10.7180595+03:00 [INF] (Serilog.AspNetCore.RequestLoggingMiddleware) HTTP "GET" "/NewsList/GetList" responded 200 in 1358.7097 ms
2020-12-13T23:16:11.0165990+03:00 [INF] (Serilog.AspNetCore.RequestLoggingMiddleware) HTTP "POST" "/news/negotiate?negotiateVersion=1" responded 200 in 13.1849 ms
2020-12-13T23:16:38.5781086+03:00 [DBG] (Microsoft.EntityFrameworkCore.Database.Command) Creating DbCommand for '"ExecuteReader"'.
2020-12-13T23:16:38.5794371+03:00 [DBG] (Microsoft.EntityFrameworkCore.Database.Command) Created DbCommand for '"ExecuteReader"' (1ms).
2020-12-13T23:16:38.5829624+03:00 [DBG] (Microsoft.EntityFrameworkCore.Database.Command) Executing DbCommand [Parameters=[""], CommandType='Text', CommandTimeout='30']"
""SELECT [c].[Id], [c].[Desc], [c].[Title], [n].[Id], [n].[Author], [n].[CategoryId], [n].[Date], [n].[Desc], [n].[Img], [n].[ShortDesc], [n].[Title]
FROM [Categories] AS [c]
LEFT JOIN [News] AS [n] ON [c].[Id] = [n].[CategoryId]
ORDER BY [c].[Id], [n].[Id]"
2020-12-13T23:16:38.5877472+03:00 [INF] (Microsoft.EntityFrameworkCore.Database.Command) Executed DbCommand ("5"ms) [Parameters=[""], CommandType='Text', CommandTimeout='30']"
""SELECT [c].[Id], [c].[Desc], [c].[Title], [n].[Id], [n].[Author], [n].[CategoryId], [n].[Date], [n].[Desc], [n].[Img], [n].[ShortDesc], [n].[Title]
FROM [Categories] AS [c]
LEFT JOIN [News] AS [n] ON [c].[Id] = [n].[CategoryId]
ORDER BY [c].[Id], [n].[Id]"
2020-12-13T23:16:38.5895839+03:00 [DBG] (Microsoft.EntityFrameworkCore.Database.Command) A data reader was disposed.
2020-12-13T23:16:38.5935299+03:00 [INF] (Serilog.AspNetCore.RequestLoggingMiddleware) HTTP "GET" "/Category" responded 200 in 87.5023 ms
2020-12-13T23:16:38.6287797+03:00 [INF] (Serilog.AspNetCore.RequestLoggingMiddleware) HTTP "GET" "/news?id=MKrDsGZpO2v2hZAuKvZ7VQ" responded 101 in 27578.7174 ms
2020-12-13T23:16:41.0897793+03:00 [INF] (Serilog.AspNetCore.RequestLoggingMiddleware) HTTP "GET" "/Category/EditForm" responded 200 in 17.8198 ms
2020-12-13T23:16:47.4576134+03:00 [INF] (Serilog.AspNetCore.RequestLoggingMiddleware) HTTP "POST" "/Categoty/EditForm" responded 404 in 0.4684 ms
2020-12-13T23:16:47.4845669+03:00 [INF] (Serilog.AspNetCore.RequestLoggingMiddleware) HTTP "POST" "/Categoty/EditForm" responded 404 in 23.5415 ms
2020-12-13T23:17:47.6825080+03:00 [INF] (Microsoft.Hosting.Lifetime) Now listening on: "https://localhost:5001"
2020-12-13T23:17:47.7970878+03:00 [INF] (Microsoft.Hosting.Lifetime) Now listening on: "http://localhost:5000"
2020-12-13T23:17:47.8029900+03:00 [INF] (Microsoft.Hosting.Lifetime) Application started. Press Ctrl+C to shut down.
2020-12-13T23:17:47.8033312+03:00 [INF] (Microsoft.Hosting.Lifetime) Hosting environment: "Production"
2020-12-13T23:17:47.8035813+03:00 [INF] (Microsoft.Hosting.Lifetime) Content root path: "E:\ASP-NET\NewsForum"
2020-12-13T23:17:48.5951249+03:00 [INF] (Serilog.AspNetCore.RequestLoggingMiddleware) HTTP "GET" "/" responded 302 in 122.9781 ms
2020-12-13T23:17:49.9903811+03:00 [DBG] (Microsoft.EntityFrameworkCore.Database.Command) Creating DbCommand for '"ExecuteReader"'.
2020-12-13T23:17:50.0358103+03:00 [DBG] (Microsoft.EntityFrameworkCore.Database.Command) Created DbCommand for '"ExecuteReader"' (46ms).
2020-12-13T23:17:50.3465056+03:00 [DBG] (Microsoft.EntityFrameworkCore.Database.Command) Executing DbCommand [Parameters=[""], CommandType='Text', CommandTimeout='30']"
""SELECT [n].[Id], [n].[Author], [n].[CategoryId], [n].[Date], [n].[Desc], [n].[Img], [n].[ShortDesc], [n].[Title], [c].[Id], [c].[Desc], [c].[Title]
FROM [News] AS [n]
LEFT JOIN [Categories] AS [c] ON [n].[CategoryId] = [c].[Id]"
2020-12-13T23:17:50.3938215+03:00 [INF] (Microsoft.EntityFrameworkCore.Database.Command) Executed DbCommand ("49"ms) [Parameters=[""], CommandType='Text', CommandTimeout='30']"
""SELECT [n].[Id], [n].[Author], [n].[CategoryId], [n].[Date], [n].[Desc], [n].[Img], [n].[ShortDesc], [n].[Title], [c].[Id], [c].[Desc], [c].[Title]
FROM [News] AS [n]
LEFT JOIN [Categories] AS [c] ON [n].[CategoryId] = [c].[Id]"
2020-12-13T23:17:50.4106014+03:00 [DBG] (Microsoft.EntityFrameworkCore.Database.Command) A data reader was disposed.
2020-12-13T23:17:50.4719035+03:00 [INF] (Serilog.AspNetCore.RequestLoggingMiddleware) HTTP "GET" "/NewsList/GetList" responded 200 in 1839.9162 ms
2020-12-13T23:17:50.6232254+03:00 [INF] (Serilog.AspNetCore.RequestLoggingMiddleware) HTTP "POST" "/news/negotiate?negotiateVersion=1" responded 200 in 15.1508 ms
2020-12-13T23:18:02.0560616+03:00 [DBG] (Microsoft.EntityFrameworkCore.Database.Command) Creating DbCommand for '"ExecuteReader"'.
2020-12-13T23:18:02.0575284+03:00 [DBG] (Microsoft.EntityFrameworkCore.Database.Command) Created DbCommand for '"ExecuteReader"' (1ms).
2020-12-13T23:18:02.0600072+03:00 [DBG] (Microsoft.EntityFrameworkCore.Database.Command) Executing DbCommand [Parameters=[""], CommandType='Text', CommandTimeout='30']"
""SELECT [c].[Id], [c].[Desc], [c].[Title], [n].[Id], [n].[Author], [n].[CategoryId], [n].[Date], [n].[Desc], [n].[Img], [n].[ShortDesc], [n].[Title]
FROM [Categories] AS [c]
LEFT JOIN [News] AS [n] ON [c].[Id] = [n].[CategoryId]
ORDER BY [c].[Id], [n].[Id]"
2020-12-13T23:18:02.0647189+03:00 [INF] (Microsoft.EntityFrameworkCore.Database.Command) Executed DbCommand ("5"ms) [Parameters=[""], CommandType='Text', CommandTimeout='30']"
""SELECT [c].[Id], [c].[Desc], [c].[Title], [n].[Id], [n].[Author], [n].[CategoryId], [n].[Date], [n].[Desc], [n].[Img], [n].[ShortDesc], [n].[Title]
FROM [Categories] AS [c]
LEFT JOIN [News] AS [n] ON [c].[Id] = [n].[CategoryId]
ORDER BY [c].[Id], [n].[Id]"
2020-12-13T23:18:02.0662960+03:00 [DBG] (Microsoft.EntityFrameworkCore.Database.Command) A data reader was disposed.
2020-12-13T23:18:02.0692046+03:00 [INF] (Serilog.AspNetCore.RequestLoggingMiddleware) HTTP "GET" "/Category" responded 200 in 100.3159 ms
2020-12-13T23:18:02.1055737+03:00 [INF] (Serilog.AspNetCore.RequestLoggingMiddleware) HTTP "GET" "/news?id=Ri5AWBFa8ZnHGW74Nayv4g" responded 101 in 11440.7858 ms
2020-12-13T23:18:04.2181688+03:00 [INF] (Serilog.AspNetCore.RequestLoggingMiddleware) HTTP "GET" "/Category/EditForm" responded 200 in 20.9728 ms
2020-12-13T23:18:09.4261591+03:00 [DBG] (Microsoft.EntityFrameworkCore.Database.Command) Creating DbCommand for '"ExecuteReader"'.
2020-12-13T23:18:09.4273217+03:00 [DBG] (Microsoft.EntityFrameworkCore.Database.Command) Created DbCommand for '"ExecuteReader"' (1ms).
2020-12-13T23:18:09.4367429+03:00 [DBG] (Microsoft.EntityFrameworkCore.Database.Command) Executing DbCommand [Parameters=["@p0='?' (Size = 4000), @p1='?' (Size = 4000)"], CommandType='Text', CommandTimeout='30']"
""SET NOCOUNT ON;
INSERT INTO [Categories] ([Desc], [Title])
VALUES (@p0, @p1);
SELECT [Id]
FROM [Categories]
WHERE @@ROWCOUNT = 1 AND [Id] = scope_identity();"
2020-12-13T23:18:09.5598389+03:00 [INF] (Microsoft.EntityFrameworkCore.Database.Command) Executed DbCommand ("127"ms) [Parameters=["@p0='?' (Size = 4000), @p1='?' (Size = 4000)"], CommandType='Text', CommandTimeout='30']"
""SET NOCOUNT ON;
INSERT INTO [Categories] ([Desc], [Title])
VALUES (@p0, @p1);
SELECT [Id]
FROM [Categories]
WHERE @@ROWCOUNT = 1 AND [Id] = scope_identity();"
2020-12-13T23:18:09.6098471+03:00 [DBG] (Microsoft.EntityFrameworkCore.Database.Command) A data reader was disposed.
2020-12-13T23:18:09.6248460+03:00 [INF] (Serilog.AspNetCore.RequestLoggingMiddleware) HTTP "POST" "/Category/EditForm" responded 302 in 579.7332 ms
2020-12-13T23:18:09.6391158+03:00 [DBG] (Microsoft.EntityFrameworkCore.Database.Command) Creating DbCommand for '"ExecuteReader"'.
2020-12-13T23:18:09.6398130+03:00 [DBG] (Microsoft.EntityFrameworkCore.Database.Command) Created DbCommand for '"ExecuteReader"' (0ms).
2020-12-13T23:18:09.6405657+03:00 [DBG] (Microsoft.EntityFrameworkCore.Database.Command) Executing DbCommand [Parameters=[""], CommandType='Text', CommandTimeout='30']"
""SELECT [c].[Id], [c].[Desc], [c].[Title], [n].[Id], [n].[Author], [n].[CategoryId], [n].[Date], [n].[Desc], [n].[Img], [n].[ShortDesc], [n].[Title]
FROM [Categories] AS [c]
LEFT JOIN [News] AS [n] ON [c].[Id] = [n].[CategoryId]
ORDER BY [c].[Id], [n].[Id]"
2020-12-13T23:18:09.6430634+03:00 [INF] (Microsoft.EntityFrameworkCore.Database.Command) Executed DbCommand ("3"ms) [Parameters=[""], CommandType='Text', CommandTimeout='30']"
""SELECT [c].[Id], [c].[Desc], [c].[Title], [n].[Id], [n].[Author], [n].[CategoryId], [n].[Date], [n].[Desc], [n].[Img], [n].[ShortDesc], [n].[Title]
FROM [Categories] AS [c]
LEFT JOIN [News] AS [n] ON [c].[Id] = [n].[CategoryId]
ORDER BY [c].[Id], [n].[Id]"
2020-12-13T23:18:09.6545236+03:00 [DBG] (Microsoft.EntityFrameworkCore.Database.Command) A data reader was disposed.
2020-12-13T23:18:09.6578715+03:00 [INF] (Serilog.AspNetCore.RequestLoggingMiddleware) HTTP "GET" "/Category" responded 200 in 23.0191 ms
2020-12-13T23:18:20.7926431+03:00 [INF] (Serilog.AspNetCore.RequestLoggingMiddleware) HTTP "GET" "/" responded 302 in 1.7150 ms
2020-12-13T23:18:20.8054530+03:00 [DBG] (Microsoft.EntityFrameworkCore.Database.Command) Creating DbCommand for '"ExecuteReader"'.
2020-12-13T23:18:20.8077699+03:00 [DBG] (Microsoft.EntityFrameworkCore.Database.Command) Created DbCommand for '"ExecuteReader"' (2ms).
2020-12-13T23:18:20.8089358+03:00 [DBG] (Microsoft.EntityFrameworkCore.Database.Command) Executing DbCommand [Parameters=[""], CommandType='Text', CommandTimeout='30']"
""SELECT [n].[Id], [n].[Author], [n].[CategoryId], [n].[Date], [n].[Desc], [n].[Img], [n].[ShortDesc], [n].[Title], [c].[Id], [c].[Desc], [c].[Title]
FROM [News] AS [n]
LEFT JOIN [Categories] AS [c] ON [n].[CategoryId] = [c].[Id]"
2020-12-13T23:18:20.8113070+03:00 [INF] (Microsoft.EntityFrameworkCore.Database.Command) Executed DbCommand ("2"ms) [Parameters=[""], CommandType='Text', CommandTimeout='30']"
""SELECT [n].[Id], [n].[Author], [n].[CategoryId], [n].[Date], [n].[Desc], [n].[Img], [n].[ShortDesc], [n].[Title], [c].[Id], [c].[Desc], [c].[Title]
FROM [News] AS [n]
LEFT JOIN [Categories] AS [c] ON [n].[CategoryId] = [c].[Id]"
2020-12-13T23:18:20.8127380+03:00 [DBG] (Microsoft.EntityFrameworkCore.Database.Command) A data reader was disposed.
2020-12-13T23:18:20.8172152+03:00 [INF] (Serilog.AspNetCore.RequestLoggingMiddleware) HTTP "GET" "/NewsList/GetList" responded 200 in 17.3212 ms
2020-12-13T23:18:20.8678413+03:00 [INF] (Serilog.AspNetCore.RequestLoggingMiddleware) HTTP "POST" "/news/negotiate?negotiateVersion=1" responded 200 in 0.4358 ms
2020-12-13T23:18:22.8168295+03:00 [DBG] (Microsoft.EntityFrameworkCore.Database.Command) Creating DbCommand for '"ExecuteReader"'.
2020-12-13T23:18:22.8177830+03:00 [DBG] (Microsoft.EntityFrameworkCore.Database.Command) Created DbCommand for '"ExecuteReader"' (0ms).
2020-12-13T23:18:22.8185832+03:00 [DBG] (Microsoft.EntityFrameworkCore.Database.Command) Executing DbCommand [Parameters=[""], CommandType='Text', CommandTimeout='30']"
""SELECT [c].[Id], [c].[Desc], [c].[Title]
FROM [Categories] AS [c]"
2020-12-13T23:18:22.8220740+03:00 [INF] (Microsoft.EntityFrameworkCore.Database.Command) Executed DbCommand ("3"ms) [Parameters=[""], CommandType='Text', CommandTimeout='30']"
""SELECT [c].[Id], [c].[Desc], [c].[Title]
FROM [Categories] AS [c]"
2020-12-13T23:18:22.8235979+03:00 [DBG] (Microsoft.EntityFrameworkCore.Database.Command) A data reader was disposed.
2020-12-13T23:18:22.8728921+03:00 [INF] (Serilog.AspNetCore.RequestLoggingMiddleware) HTTP "GET" "/EditNews/EditForm" responded 200 in 64.7242 ms
2020-12-13T23:18:22.8796065+03:00 [INF] (Serilog.AspNetCore.RequestLoggingMiddleware) HTTP "GET" "/news?id=r-0X1qDM_8J3z3T70OpEIg" responded 101 in 1964.3081 ms
2020-12-13T23:18:22.9017876+03:00 [INF] (Serilog.AspNetCore.RequestLoggingMiddleware) HTTP "POST" "/news/negotiate?negotiateVersion=1" responded 200 in 0.3174 ms
2020-12-13T23:18:33.9817972+03:00 [DBG] (Microsoft.EntityFrameworkCore.Database.Command) Creating DbCommand for '"ExecuteReader"'.
2020-12-13T23:18:33.9829387+03:00 [DBG] (Microsoft.EntityFrameworkCore.Database.Command) Created DbCommand for '"ExecuteReader"' (1ms).
2020-12-13T23:18:33.9861516+03:00 [DBG] (Microsoft.EntityFrameworkCore.Database.Command) Executing DbCommand [Parameters=["@__categoryId_0='?' (DbType = Int32)"], CommandType='Text', CommandTimeout='30']"
""SELECT TOP(1) [c].[Id], [c].[Desc], [c].[Title]
FROM [Categories] AS [c]
WHERE [c].[Id] = @__categoryId_0"
2020-12-13T23:18:33.9892983+03:00 [INF] (Microsoft.EntityFrameworkCore.Database.Command) Executed DbCommand ("4"ms) [Parameters=["@__categoryId_0='?' (DbType = Int32)"], CommandType='Text', CommandTimeout='30']"
""SELECT TOP(1) [c].[Id], [c].[Desc], [c].[Title]
FROM [Categories] AS [c]
WHERE [c].[Id] = @__categoryId_0"
2020-12-13T23:18:33.9910287+03:00 [DBG] (Microsoft.EntityFrameworkCore.Database.Command) A data reader was disposed.
2020-12-13T23:18:34.0430140+03:00 [DBG] (Microsoft.EntityFrameworkCore.Database.Command) Creating DbCommand for '"ExecuteReader"'.
2020-12-13T23:18:34.0436743+03:00 [DBG] (Microsoft.EntityFrameworkCore.Database.Command) Created DbCommand for '"ExecuteReader"' (0ms).
2020-12-13T23:18:34.0444057+03:00 [DBG] (Microsoft.EntityFrameworkCore.Database.Command) Executing DbCommand [Parameters=["@p0='?' (Size = 4000), @p1='?' (DbType = Int32), @p2='?' (Size = 4000), @p3='?' (Size = 4000), @p4='?' (Size = 4000), @p5='?' (Size = 4000), @p6='?' (Size = 4000)"], CommandType='Text', CommandTimeout='30']"
""SET NOCOUNT ON;
INSERT INTO [News] ([Author], [CategoryId], [Date], [Desc], [Img], [ShortDesc], [Title])
VALUES (@p0, @p1, @p2, @p3, @p4, @p5, @p6);
SELECT [Id]
FROM [News]
WHERE @@ROWCOUNT = 1 AND [Id] = scope_identity();"
2020-12-13T23:18:34.1552406+03:00 [INF] (Microsoft.EntityFrameworkCore.Database.Command) Executed DbCommand ("111"ms) [Parameters=["@p0='?' (Size = 4000), @p1='?' (DbType = Int32), @p2='?' (Size = 4000), @p3='?' (Size = 4000), @p4='?' (Size = 4000), @p5='?' (Size = 4000), @p6='?' (Size = 4000)"], CommandType='Text', CommandTimeout='30']"
""SET NOCOUNT ON;
INSERT INTO [News] ([Author], [CategoryId], [Date], [Desc], [Img], [ShortDesc], [Title])
VALUES (@p0, @p1, @p2, @p3, @p4, @p5, @p6);
SELECT [Id]
FROM [News]
WHERE @@ROWCOUNT = 1 AND [Id] = scope_identity();"
2020-12-13T23:18:34.1606067+03:00 [DBG] (Microsoft.EntityFrameworkCore.Database.Command) A data reader was disposed.
2020-12-13T23:18:34.1625762+03:00 [INF] (Serilog.AspNetCore.RequestLoggingMiddleware) HTTP "POST" "/EditNews/EditForm" responded 302 in 259.0003 ms
2020-12-13T23:18:34.1718436+03:00 [DBG] (Microsoft.EntityFrameworkCore.Database.Command) Creating DbCommand for '"ExecuteReader"'.
2020-12-13T23:18:34.1723401+03:00 [DBG] (Microsoft.EntityFrameworkCore.Database.Command) Created DbCommand for '"ExecuteReader"' (0ms).
2020-12-13T23:18:34.1730109+03:00 [DBG] (Microsoft.EntityFrameworkCore.Database.Command) Executing DbCommand [Parameters=[""], CommandType='Text', CommandTimeout='30']"
""SELECT [n].[Id], [n].[Author], [n].[CategoryId], [n].[Date], [n].[Desc], [n].[Img], [n].[ShortDesc], [n].[Title], [c].[Id], [c].[Desc], [c].[Title]
FROM [News] AS [n]
LEFT JOIN [Categories] AS [c] ON [n].[CategoryId] = [c].[Id]"
2020-12-13T23:18:34.1968764+03:00 [INF] (Microsoft.EntityFrameworkCore.Database.Command) Executed DbCommand ("24"ms) [Parameters=[""], CommandType='Text', CommandTimeout='30']"
""SELECT [n].[Id], [n].[Author], [n].[CategoryId], [n].[Date], [n].[Desc], [n].[Img], [n].[ShortDesc], [n].[Title], [c].[Id], [c].[Desc], [c].[Title]
FROM [News] AS [n]
LEFT JOIN [Categories] AS [c] ON [n].[CategoryId] = [c].[Id]"
2020-12-13T23:18:34.2418812+03:00 [DBG] (Microsoft.EntityFrameworkCore.Database.Command) A data reader was disposed.
2020-12-13T23:18:34.2435005+03:00 [INF] (Serilog.AspNetCore.RequestLoggingMiddleware) HTTP "GET" "/NewsList/GetList" responded 200 in 75.3470 ms
2020-12-13T23:18:34.2505915+03:00 [INF] (Serilog.AspNetCore.RequestLoggingMiddleware) HTTP "GET" "/news?id=PbMEk8hwHvVxbcFaz-ZXrA" responded 101 in 11294.8268 ms
2020-12-13T23:18:34.2824019+03:00 [INF] (Serilog.AspNetCore.RequestLoggingMiddleware) HTTP "POST" "/news/negotiate?negotiateVersion=1" responded 200 in 0.2873 ms
2020-12-13T23:18:39.3390723+03:00 [DBG] (Microsoft.EntityFrameworkCore.Database.Command) Creating DbCommand for '"ExecuteReader"'.
2020-12-13T23:18:39.3402164+03:00 [DBG] (Microsoft.EntityFrameworkCore.Database.Command) Created DbCommand for '"ExecuteReader"' (1ms).
2020-12-13T23:18:39.3412515+03:00 [DBG] (Microsoft.EntityFrameworkCore.Database.Command) Executing DbCommand [Parameters=[""], CommandType='Text', CommandTimeout='30']"
""SELECT [c].[Id], [c].[Desc], [c].[Title], [n].[Id], [n].[Author], [n].[CategoryId], [n].[Date], [n].[Desc], [n].[Img], [n].[ShortDesc], [n].[Title]
FROM [Categories] AS [c]
LEFT JOIN [News] AS [n] ON [c].[Id] = [n].[CategoryId]
ORDER BY [c].[Id], [n].[Id]"
2020-12-13T23:18:39.3445501+03:00 [INF] (Microsoft.EntityFrameworkCore.Database.Command) Executed DbCommand ("3"ms) [Parameters=[""], CommandType='Text', CommandTimeout='30']"
""SELECT [c].[Id], [c].[Desc], [c].[Title], [n].[Id], [n].[Author], [n].[CategoryId], [n].[Date], [n].[Desc], [n].[Img], [n].[ShortDesc], [n].[Title]
FROM [Categories] AS [c]
LEFT JOIN [News] AS [n] ON [c].[Id] = [n].[CategoryId]
ORDER BY [c].[Id], [n].[Id]"
2020-12-13T23:18:39.3473922+03:00 [DBG] (Microsoft.EntityFrameworkCore.Database.Command) A data reader was disposed.
2020-12-13T23:18:39.3530198+03:00 [INF] (Serilog.AspNetCore.RequestLoggingMiddleware) HTTP "GET" "/Category" responded 200 in 18.9743 ms
2020-12-13T23:18:39.3590263+03:00 [INF] (Serilog.AspNetCore.RequestLoggingMiddleware) HTTP "GET" "/news?id=CiBCvVovZwD_FaE05DhAMg" responded 101 in 5028.6976 ms
2020-12-13T23:18:46.3195082+03:00 [INF] (Serilog.AspNetCore.RequestLoggingMiddleware) HTTP "POST" "/Register/Logout" responded 302 in 79.7482 ms
2020-12-13T23:18:46.3272541+03:00 [DBG] (Microsoft.EntityFrameworkCore.Database.Command) Creating DbCommand for '"ExecuteReader"'.
2020-12-13T23:18:46.3277980+03:00 [DBG] (Microsoft.EntityFrameworkCore.Database.Command) Created DbCommand for '"ExecuteReader"' (0ms).
2020-12-13T23:18:46.3287826+03:00 [DBG] (Microsoft.EntityFrameworkCore.Database.Command) Executing DbCommand [Parameters=[""], CommandType='Text', CommandTimeout='30']"
""SELECT [n].[Id], [n].[Author], [n].[CategoryId], [n].[Date], [n].[Desc], [n].[Img], [n].[ShortDesc], [n].[Title], [c].[Id], [c].[Desc], [c].[Title]
FROM [News] AS [n]
LEFT JOIN [Categories] AS [c] ON [n].[CategoryId] = [c].[Id]"
2020-12-13T23:18:46.3320777+03:00 [INF] (Microsoft.EntityFrameworkCore.Database.Command) Executed DbCommand ("3"ms) [Parameters=[""], CommandType='Text', CommandTimeout='30']"
""SELECT [n].[Id], [n].[Author], [n].[CategoryId], [n].[Date], [n].[Desc], [n].[Img], [n].[ShortDesc], [n].[Title], [c].[Id], [c].[Desc], [c].[Title]
FROM [News] AS [n]
LEFT JOIN [Categories] AS [c] ON [n].[CategoryId] = [c].[Id]"
2020-12-13T23:18:46.3354303+03:00 [DBG] (Microsoft.EntityFrameworkCore.Database.Command) A data reader was disposed.
2020-12-13T23:18:46.3375869+03:00 [INF] (Serilog.AspNetCore.RequestLoggingMiddleware) HTTP "GET" "/NewsList/GetList" responded 200 in 12.2718 ms
2020-12-13T23:18:46.4009634+03:00 [INF] (Serilog.AspNetCore.RequestLoggingMiddleware) HTTP "POST" "/news/negotiate?negotiateVersion=1" responded 200 in 0.3082 ms
2020-12-13T23:18:51.3650524+03:00 [INF] (Serilog.AspNetCore.RequestLoggingMiddleware) HTTP "GET" "/Category" responded 302 in 2.7814 ms
2020-12-13T23:18:51.3701687+03:00 [INF] (Serilog.AspNetCore.RequestLoggingMiddleware) HTTP "GET" "/Account/Login?ReturnUrl=%2FCategory" responded 404 in 0.2039 ms
2020-12-13T23:18:51.3865057+03:00 [INF] (Serilog.AspNetCore.RequestLoggingMiddleware) HTTP "GET" "/Account/Login?ReturnUrl=%2FCategory" responded 404 in 15.0092 ms
2020-12-13T23:18:51.3938637+03:00 [INF] (Serilog.AspNetCore.RequestLoggingMiddleware) HTTP "GET" "/news?id=6bTRHbHeE9knuR-FXUXw_g" responded 101 in 4977.5234 ms
